2026-05-02 20:27:31,721 [ERROR] EnergyDataPipeline:61: No valid files found in data
2026-05-02 20:28:11,382 [INFO] EnergyDataPipeline:64: Starting pipeline execution for 21 files...
2026-05-02 20:28:11,382 [INFO] pipeline_runner:75: Using Docling Strategy to process 21 files.
2026-05-02 20:28:17,512 [WARNING] docling_core.types.doc.document:2214: Usage of TableItem.export_to_dataframe() without `doc` argument is deprecated.
2026-05-02 20:32:43,240 [INFO] EnergyDataPipeline:64: Starting pipeline execution for 21 files...
2026-05-02 20:32:43,240 [INFO] pipeline_runner:75: Using Docling Strategy to process 21 files.
2026-05-02 20:32:46,525 [WARNING] docling_core.types.doc.document:2214: Usage of TableItem.export_to_dataframe() without `doc` argument is deprecated.
2026-05-02 20:37:11,040 [INFO] EnergyDataPipeline:64: Starting pipeline execution for 21 files...
2026-05-02 20:37:11,040 [INFO] pipeline_runner:75: Using Docling Strategy to process 21 files.
2026-05-02 20:37:14,320 [WARNING] docling_core.types.doc.document:2214: Usage of TableItem.export_to_dataframe() without `doc` argument is deprecated.
2026-05-02 20:37:14,335 [WARNING] docling_core.types.doc.document:2214: Usage of TableItem.export_to_dataframe() without `doc` argument is deprecated.
2026-05-02 20:37:15,132 [WARNING] docling_core.types.doc.document:2214: Usage of TableItem.export_to_dataframe() without `doc` argument is deprecated.
2026-05-02 20:37:16,060 [INFO] pipeline_runner:91: Successfully processed Mai-report2_2442026 (1)
2026-05-02 20:37:18,927 [WARNING] docling_core.types.doc.document:2214: Usage of TableItem.export_to_dataframe() without `doc` argument is deprecated.
2026-05-02 20:37:18,931 [WARNING] docling_core.types.doc.document:2214: Usage of TableItem.export_to_dataframe() without `doc` argument is deprecated.
2026-05-02 20:37:19,863 [WARNING] docling_core.types.doc.document:2214: Usage of TableItem.export_to_dataframe() without `doc` argument is deprecated.
2026-05-02 20:37:20,714 [INFO] pipeline_runner:91: Successfully processed juin-report2_2442026
2026-05-02 20:37:26,315 [WARNING] docling_core.types.doc.document:2214: Usage of TableItem.export_to_dataframe() without `doc` argument is deprecated.
2026-05-02 20:37:26,318 [WARNING] docling_core.types.doc.document:2214: Usage of TableItem.export_to_dataframe() without `doc` argument is deprecated.
2026-05-02 20:37:27,918 [WARNING] docling_core.types.doc.document:2214: Usage of TableItem.export_to_dataframe() without `doc` argument is deprecated.
2026-05-02 20:37:29,422 [INFO] pipeline_runner:91: Successfully processed mars-report1_2342026
2026-05-02 20:37:31,897 [WARNING] docling_core.types.doc.document:2214: Usage of TableItem.export_to_dataframe() without `doc` argument is deprecated.
2026-05-02 20:37:31,901 [WARNING] docling_core.types.doc.document:2214: Usage of TableItem.export_to_dataframe() without `doc` argument is deprecated.
2026-05-02 20:37:32,794 [WARNING] docling_core.types.doc.document:2214: Usage of TableItem.export_to_dataframe() without `doc` argument is deprecated.
2026-05-02 20:37:33,399 [INFO] pipeline_runner:91: Successfully processed Fevrier-report1_2342026
2026-05-02 20:37:33,756 [WARNING] docling_core.types.doc.document:2214: Usage of TableItem.export_to_dataframe() without `doc` argument is deprecated.
2026-05-02 20:37:33,760 [WARNING] docling_core.types.doc.document:2214: Usage of TableItem.export_to_dataframe() without `doc` argument is deprecated.
2026-05-02 20:37:33,812 [WARNING] docling_core.types.doc.document:2214: Usage of TableItem.export_to_dataframe() without `doc` argument is deprecated.
2026-05-02 20:37:33,858 [INFO] pipeline_runner:91: Successfully processed june-report1_2442026
2026-05-02 20:37:34,045 [WARNING] docling_core.types.doc.document:2214: Usage of TableItem.export_to_dataframe() without `doc` argument is deprecated.
2026-05-02 20:37:34,048 [WARNING] docling_core.types.doc.document:2214: Usage of TableItem.export_to_dataframe() without `doc` argument is deprecated.
2026-05-02 20:37:34,102 [WARNING] docling_core.types.doc.document:2214: Usage of TableItem.export_to_dataframe() without `doc` argument is deprecated.
2026-05-02 20:37:34,282 [INFO] pipeline_runner:91: Successfully processed Fin-Decembre _2322026 (1)
2026-05-02 20:37:37,293 [WARNING] docling_core.types.doc.document:2214: Usage of TableItem.export_to_dataframe() without `doc` argument is deprecated.
2026-05-02 20:37:37,296 [WARNING] docling_core.types.doc.document:2214: Usage of TableItem.export_to_dataframe() without `doc` argument is deprecated.
2026-05-02 20:37:38,036 [WARNING] docling_core.types.doc.document:2214: Usage of TableItem.export_to_dataframe() without `doc` argument is deprecated.
2026-05-02 20:37:38,879 [INFO] pipeline_runner:91: Successfully processed janvier-report-2_2342026
2026-05-02 20:37:39,034 [WARNING] docling_core.types.doc.document:2214: Usage of TableItem.export_to_dataframe() without `doc` argument is deprecated.
2026-05-02 20:37:39,037 [WARNING] docling_core.types.doc.document:2214: Usage of TableItem.export_to_dataframe() without `doc` argument is deprecated.
2026-05-02 20:37:39,069 [WARNING] docling_core.types.doc.document:2214: Usage of TableItem.export_to_dataframe() without `doc` argument is deprecated.
2026-05-02 20:37:39,097 [INFO] pipeline_runner:91: Successfully processed july-report1_2442026
2026-05-02 20:37:42,053 [WARNING] docling_core.types.doc.document:2214: Usage of TableItem.export_to_dataframe() without `doc` argument is deprecated.
2026-05-02 20:37:42,055 [WARNING] docling_core.types.doc.document:2214: Usage of TableItem.export_to_dataframe() without `doc` argument is deprecated.
2026-05-02 20:37:43,106 [WARNING] docling_core.types.doc.document:2214: Usage of TableItem.export_to_dataframe() without `doc` argument is deprecated.
2026-05-02 20:37:43,794 [INFO] pipeline_runner:91: Successfully processed report-fevrier2_2342026
2026-05-02 20:37:46,651 [WARNING] docling_core.types.doc.document:2214: Usage of TableItem.export_to_dataframe() without `doc` argument is deprecated.
2026-05-02 20:37:46,654 [WARNING] docling_core.types.doc.document:2214: Usage of TableItem.export_to_dataframe() without `doc` argument is deprecated.
2026-05-02 20:37:47,611 [WARNING] docling_core.types.doc.document:2214: Usage of TableItem.export_to_dataframe() without `doc` argument is deprecated.
2026-05-02 20:37:48,515 [INFO] pipeline_runner:91: Successfully processed avril-report2_2442026
2026-05-02 20:37:48,683 [WARNING] docling_core.types.doc.document:2214: Usage of TableItem.export_to_dataframe() without `doc` argument is deprecated.
2026-05-02 20:37:48,686 [WARNING] docling_core.types.doc.document:2214: Usage of TableItem.export_to_dataframe() without `doc` argument is deprecated.
2026-05-02 20:37:48,718 [WARNING] docling_core.types.doc.document:2214: Usage of TableItem.export_to_dataframe() without `doc` argument is deprecated.
2026-05-02 20:37:48,748 [WARNING] docling_core.types.doc.document:2214: Usage of TableItem.export_to_dataframe() without `doc` argument is deprecated.
2026-05-02 20:37:48,749 [INFO] pipeline_runner:91: Successfully processed FIN JUILLET 2025_2492025
2026-05-02 20:37:49,076 [WARNING] docling_core.types.doc.document:2214: Usage of TableItem.export_to_dataframe() without `doc` argument is deprecated.
2026-05-02 20:37:49,078 [WARNING] docling_core.types.doc.document:2214: Usage of TableItem.export_to_dataframe() without `doc` argument is deprecated.
2026-05-02 20:37:49,133 [WARNING] docling_core.types.doc.document:2214: Usage of TableItem.export_to_dataframe() without `doc` argument is deprecated.
2026-05-02 20:37:49,309 [INFO] pipeline_runner:91: Successfully processed FIN OCTOBER _4112025
2026-05-02 20:37:52,613 [WARNING] docling_core.types.doc.document:2214: Usage of TableItem.export_to_dataframe() without `doc` argument is deprecated.
2026-05-02 20:37:52,615 [WARNING] docling_core.types.doc.document:2214: Usage of TableItem.export_to_dataframe() without `doc` argument is deprecated.
2026-05-02 20:37:53,653 [WARNING] docling_core.types.doc.document:2214: Usage of TableItem.export_to_dataframe() without `doc` argument is deprecated.
2026-05-02 20:37:54,619 [INFO] pipeline_runner:91: Successfully processed mars-report2_2442026
2026-05-02 20:37:59,696 [WARNING] docling_core.types.doc.document:2214: Usage of TableItem.export_to_dataframe() without `doc` argument is deprecated.
2026-05-02 20:37:59,699 [WARNING] docling_core.types.doc.document:2214: Usage of TableItem.export_to_dataframe() without `doc` argument is deprecated.
2026-05-02 20:38:01,436 [WARNING] docling_core.types.doc.document:2214: Usage of TableItem.export_to_dataframe() without `doc` argument is deprecated.
2026-05-02 20:38:02,850 [INFO] pipeline_runner:91: Successfully processed avril-report1_2442026
2026-05-02 20:38:03,328 [WARNING] docling_core.types.doc.document:2214: Usage of TableItem.export_to_dataframe() without `doc` argument is deprecated.
2026-05-02 20:38:03,333 [WARNING] docling_core.types.doc.document:2214: Usage of TableItem.export_to_dataframe() without `doc` argument is deprecated.
2026-05-02 20:38:03,385 [WARNING] docling_core.types.doc.document:2214: Usage of TableItem.export_to_dataframe() without `doc` argument is deprecated.
2026-05-02 20:38:03,432 [INFO] pipeline_runner:91: Successfully processed FIN AOUT 2025_2292025
2026-05-02 20:38:05,754 [WARNING] docling_core.types.doc.document:2214: Usage of TableItem.export_to_dataframe() without `doc` argument is deprecated.
2026-05-02 20:38:05,757 [WARNING] docling_core.types.doc.document:2214: Usage of TableItem.export_to_dataframe() without `doc` argument is deprecated.
2026-05-02 20:38:06,356 [WARNING] docling_core.types.doc.document:2214: Usage of TableItem.export_to_dataframe() without `doc` argument is deprecated.
2026-05-02 20:38:07,041 [INFO] pipeline_runner:91: Successfully processed fevrier-report3_2342026
2026-05-02 20:38:12,267 [WARNING] docling_core.types.doc.document:2214: Usage of TableItem.export_to_dataframe() without `doc` argument is deprecated.
2026-05-02 20:38:12,270 [WARNING] docling_core.types.doc.document:2214: Usage of TableItem.export_to_dataframe() without `doc` argument is deprecated.
2026-05-02 20:38:13,970 [WARNING] docling_core.types.doc.document:2214: Usage of TableItem.export_to_dataframe() without `doc` argument is deprecated.
2026-05-02 20:38:15,424 [INFO] pipeline_runner:91: Successfully processed Mai-report1_2442026
2026-05-02 20:38:18,661 [WARNING] docling_core.types.doc.document:2214: Usage of TableItem.export_to_dataframe() without `doc` argument is deprecated.
2026-05-02 20:38:18,665 [WARNING] docling_core.types.doc.document:2214: Usage of TableItem.export_to_dataframe() without `doc` argument is deprecated.
2026-05-02 20:38:19,675 [WARNING] docling_core.types.doc.document:2214: Usage of TableItem.export_to_dataframe() without `doc` argument is deprecated.
2026-05-02 20:38:20,515 [INFO] pipeline_runner:91: Successfully processed Mai-report2_2442026
2026-05-02 20:38:20,966 [WARNING] docling_core.types.doc.document:2214: Usage of TableItem.export_to_dataframe() without `doc` argument is deprecated.
2026-05-02 20:38:20,970 [WARNING] docling_core.types.doc.document:2214: Usage of TableItem.export_to_dataframe() without `doc` argument is deprecated.
2026-05-02 20:38:21,040 [WARNING] docling_core.types.doc.document:2214: Usage of TableItem.export_to_dataframe() without `doc` argument is deprecated.
2026-05-02 20:38:21,099 [INFO] pipeline_runner:91: Successfully processed Fin-Decembre _2322026
2026-05-02 20:38:21,332 [WARNING] docling_core.types.doc.document:2214: Usage of TableItem.export_to_dataframe() without `doc` argument is deprecated.
2026-05-02 20:38:21,335 [WARNING] docling_core.types.doc.document:2214: Usage of TableItem.export_to_dataframe() without `doc` argument is deprecated.
2026-05-02 20:38:21,581 [WARNING] docling_core.types.doc.document:2214: Usage of TableItem.export_to_dataframe() without `doc` argument is deprecated.
2026-05-02 20:38:21,639 [INFO] pipeline_runner:91: Successfully processed fin novembre _1122025
2026-05-02 20:38:28,175 [WARNING] docling_core.types.doc.document:2214: Usage of TableItem.export_to_dataframe() without `doc` argument is deprecated.
2026-05-02 20:38:28,178 [WARNING] docling_core.types.doc.document:2214: Usage of TableItem.export_to_dataframe() without `doc` argument is deprecated.
2026-05-02 20:38:30,001 [WARNING] docling_core.types.doc.document:2214: Usage of TableItem.export_to_dataframe() without `doc` argument is deprecated.
2026-05-02 20:38:31,516 [INFO] pipeline_runner:91: Successfully processed janvier-report_2342026
2026-05-02 20:38:31,579 [INFO] EnergyDataPipeline:71: Pipeline execution completed successfully.
2026-05-02 21:19:28,199 [INFO] EnergyDataPipeline:64: Starting pipeline execution for 21 files...
2026-05-02 21:19:28,199 [INFO] pipeline_runner:113: Using Docling Strategy to process 21 files.
2026-05-02 21:19:34,341 [INFO] pipeline_runner:119: Converted: Mai-report2_2442026 (1).xlsx with format: <built-in method __format__ of ConversionResult object at 0x77f1c9746990>
2026-05-02 21:19:34,342 [WARNING] docling_core.types.doc.document:2214: Usage of TableItem.export_to_dataframe() without `doc` argument is deprecated.
2026-05-02 21:19:34,348 [WARNING] docling_core.types.doc.document:2214: Usage of TableItem.export_to_dataframe() without `doc` argument is deprecated.
2026-05-02 21:19:35,802 [WARNING] docling_core.types.doc.document:2214: Usage of TableItem.export_to_dataframe() without `doc` argument is deprecated.
2026-05-02 21:19:37,363 [INFO] pipeline_runner:129: Successfully processed Mai-report2_2442026 (1)
2026-05-02 21:19:42,610 [INFO] pipeline_runner:119: Converted: juin-report2_2442026.xlsx with format: <built-in method __format__ of ConversionResult object at 0x77f1c972e440>
2026-05-02 21:19:42,610 [WARNING] docling_core.types.doc.document:2214: Usage of TableItem.export_to_dataframe() without `doc` argument is deprecated.
2026-05-02 21:19:42,616 [WARNING] docling_core.types.doc.document:2214: Usage of TableItem.export_to_dataframe() without `doc` argument is deprecated.
2026-05-02 21:19:44,216 [WARNING] docling_core.types.doc.document:2214: Usage of TableItem.export_to_dataframe() without `doc` argument is deprecated.
2026-05-02 21:19:45,693 [INFO] pipeline_runner:129: Successfully processed juin-report2_2442026
2026-05-02 21:19:55,975 [INFO] pipeline_runner:119: Converted: mars-report1_2342026.xlsx with format: <built-in method __format__ of ConversionResult object at 0x77f1c7797610>
2026-05-02 21:19:55,975 [WARNING] docling_core.types.doc.document:2214: Usage of TableItem.export_to_dataframe() without `doc` argument is deprecated.
2026-05-02 21:19:55,989 [WARNING] docling_core.types.doc.document:2214: Usage of TableItem.export_to_dataframe() without `doc` argument is deprecated.
2026-05-02 21:19:59,118 [WARNING] docling_core.types.doc.document:2214: Usage of TableItem.export_to_dataframe() without `doc` argument is deprecated.
2026-05-02 21:20:01,717 [INFO] pipeline_runner:129: Successfully processed mars-report1_2342026
2026-05-02 21:20:06,280 [INFO] pipeline_runner:119: Converted: Fevrier-report1_2342026.xlsx with format: <built-in method __format__ of ConversionResult object at 0x77f1f91b9a90>
2026-05-02 21:20:06,280 [WARNING] docling_core.types.doc.document:2214: Usage of TableItem.export_to_dataframe() without `doc` argument is deprecated.
2026-05-02 21:20:06,287 [WARNING] docling_core.types.doc.document:2214: Usage of TableItem.export_to_dataframe() without `doc` argument is deprecated.
2026-05-02 21:20:07,587 [WARNING] docling_core.types.doc.document:2214: Usage of TableItem.export_to_dataframe() without `doc` argument is deprecated.
2026-05-02 21:20:08,671 [INFO] pipeline_runner:129: Successfully processed Fevrier-report1_2342026
2026-05-02 21:20:09,293 [INFO] pipeline_runner:119: Converted: june-report1_2442026.xlsx with format: <built-in method __format__ of ConversionResult object at 0x77f1c1e36120>
2026-05-02 21:20:09,293 [WARNING] docling_core.types.doc.document:2214: Usage of TableItem.export_to_dataframe() without `doc` argument is deprecated.
2026-05-02 21:20:09,300 [WARNING] docling_core.types.doc.document:2214: Usage of TableItem.export_to_dataframe() without `doc` argument is deprecated.
2026-05-02 21:20:09,403 [WARNING] docling_core.types.doc.document:2214: Usage of TableItem.export_to_dataframe() without `doc` argument is deprecated.
2026-05-02 21:20:09,493 [INFO] pipeline_runner:129: Successfully processed june-report1_2442026
2026-05-02 21:20:10,088 [INFO] pipeline_runner:119: Converted: Fin-Decembre _2322026 (1).xlsx with format: <built-in method __format__ of ConversionResult object at 0x77f1c7797a70>
2026-05-02 21:20:10,088 [WARNING] docling_core.types.doc.document:2214: Usage of TableItem.export_to_dataframe() without `doc` argument is deprecated.
2026-05-02 21:20:10,092 [WARNING] docling_core.types.doc.document:2214: Usage of TableItem.export_to_dataframe() without `doc` argument is deprecated.
2026-05-02 21:20:10,193 [WARNING] docling_core.types.doc.document:2214: Usage of TableItem.export_to_dataframe() without `doc` argument is deprecated.
2026-05-02 21:20:10,283 [INFO] pipeline_runner:129: Successfully processed Fin-Decembre _2322026 (1)
2026-05-02 21:20:15,718 [INFO] pipeline_runner:119: Converted: janvier-report-2_2342026.xlsx with format: <built-in method __format__ of ConversionResult object at 0x77f1b8537fc0>
2026-05-02 21:20:15,719 [WARNING] docling_core.types.doc.document:2214: Usage of TableItem.export_to_dataframe() without `doc` argument is deprecated.
2026-05-02 21:20:15,731 [WARNING] docling_core.types.doc.document:2214: Usage of TableItem.export_to_dataframe() without `doc` argument is deprecated.
2026-05-02 21:20:17,307 [WARNING] docling_core.types.doc.document:2214: Usage of TableItem.export_to_dataframe() without `doc` argument is deprecated.
2026-05-02 21:20:18,570 [INFO] pipeline_runner:129: Successfully processed janvier-report-2_2342026
2026-05-02 21:20:18,866 [INFO] pipeline_runner:119: Converted: july-report1_2442026.xlsx with format: <built-in method __format__ of ConversionResult object at 0x77f1c972c320>
2026-05-02 21:20:18,866 [WARNING] docling_core.types.doc.document:2214: Usage of TableItem.export_to_dataframe() without `doc` argument is deprecated.
2026-05-02 21:20:18,872 [WARNING] docling_core.types.doc.document:2214: Usage of TableItem.export_to_dataframe() without `doc` argument is deprecated.
2026-05-02 21:20:19,142 [WARNING] docling_core.types.doc.document:2214: Usage of TableItem.export_to_dataframe() without `doc` argument is deprecated.
2026-05-02 21:20:19,194 [INFO] pipeline_runner:129: Successfully processed july-report1_2442026
2026-05-02 21:20:24,656 [INFO] pipeline_runner:119: Converted: report-fevrier2_2342026.xlsx with format: <built-in method __format__ of ConversionResult object at 0x77f1ae9b7e80>
2026-05-02 21:20:24,656 [WARNING] docling_core.types.doc.document:2214: Usage of TableItem.export_to_dataframe() without `doc` argument is deprecated.
2026-05-02 21:20:24,660 [WARNING] docling_core.types.doc.document:2214: Usage of TableItem.export_to_dataframe() without `doc` argument is deprecated.
2026-05-02 21:20:26,206 [WARNING] docling_core.types.doc.document:2214: Usage of TableItem.export_to_dataframe() without `doc` argument is deprecated.
2026-05-02 21:20:27,456 [INFO] pipeline_runner:129: Successfully processed report-fevrier2_2342026
2026-05-02 21:20:32,682 [INFO] pipeline_runner:119: Converted: avril-report2_2442026.xlsx with format: <built-in method __format__ of ConversionResult object at 0x77f1bc3d86e0>
2026-05-02 21:20:32,682 [WARNING] docling_core.types.doc.document:2214: Usage of TableItem.export_to_dataframe() without `doc` argument is deprecated.
2026-05-02 21:20:32,688 [WARNING] docling_core.types.doc.document:2214: Usage of TableItem.export_to_dataframe() without `doc` argument is deprecated.
2026-05-02 21:20:34,310 [WARNING] docling_core.types.doc.document:2214: Usage of TableItem.export_to_dataframe() without `doc` argument is deprecated.
2026-05-02 21:20:35,801 [INFO] pipeline_runner:129: Successfully processed avril-report2_2442026
2026-05-02 21:20:36,113 [INFO] pipeline_runner:119: Converted: FIN JUILLET 2025_2492025.xlsx with format: <built-in method __format__ of ConversionResult object at 0x77f1c2bafe80>
2026-05-02 21:20:36,113 [WARNING] docling_core.types.doc.document:2214: Usage of TableItem.export_to_dataframe() without `doc` argument is deprecated.
2026-05-02 21:20:36,119 [WARNING] docling_core.types.doc.document:2214: Usage of TableItem.export_to_dataframe() without `doc` argument is deprecated.
2026-05-02 21:20:36,385 [WARNING] docling_core.types.doc.document:2214: Usage of TableItem.export_to_dataframe() without `doc` argument is deprecated.
2026-05-02 21:20:36,444 [WARNING] docling_core.types.doc.document:2214: Usage of TableItem.export_to_dataframe() without `doc` argument is deprecated.
2026-05-02 21:20:36,445 [INFO] pipeline_runner:129: Successfully processed FIN JUILLET 2025_2492025
2026-05-02 21:20:36,819 [INFO] pipeline_runner:119: Converted: FIN OCTOBER _4112025.xlsx with format: <built-in method __format__ of ConversionResult object at 0x77f1f91b9a90>
2026-05-02 21:20:36,820 [WARNING] docling_core.types.doc.document:2214: Usage of TableItem.export_to_dataframe() without `doc` argument is deprecated.
2026-05-02 21:20:36,823 [WARNING] docling_core.types.doc.document:2214: Usage of TableItem.export_to_dataframe() without `doc` argument is deprecated.
2026-05-02 21:20:37,104 [WARNING] docling_core.types.doc.document:2214: Usage of TableItem.export_to_dataframe() without `doc` argument is deprecated.
2026-05-02 21:20:37,205 [INFO] pipeline_runner:129: Successfully processed FIN OCTOBER _4112025
2026-05-02 21:20:43,072 [INFO] pipeline_runner:119: Converted: mars-report2_2442026.xlsx with format: <built-in method __format__ of ConversionResult object at 0x77f1bb6b9c70>
2026-05-02 21:20:43,072 [WARNING] docling_core.types.doc.document:2214: Usage of TableItem.export_to_dataframe() without `doc` argument is deprecated.
2026-05-02 21:20:43,076 [WARNING] docling_core.types.doc.document:2214: Usage of TableItem.export_to_dataframe() without `doc` argument is deprecated.
2026-05-02 21:20:44,768 [WARNING] docling_core.types.doc.document:2214: Usage of TableItem.export_to_dataframe() without `doc` argument is deprecated.
2026-05-02 21:20:46,344 [INFO] pipeline_runner:129: Successfully processed mars-report2_2442026
2026-05-02 21:20:55,952 [INFO] pipeline_runner:119: Converted: avril-report1_2442026.xlsx with format: <built-in method __format__ of ConversionResult object at 0x77f1c5065c70>
2026-05-02 21:20:55,952 [WARNING] docling_core.types.doc.document:2214: Usage of TableItem.export_to_dataframe() without `doc` argument is deprecated.
2026-05-02 21:20:55,958 [WARNING] docling_core.types.doc.document:2214: Usage of TableItem.export_to_dataframe() without `doc` argument is deprecated.
2026-05-02 21:20:58,639 [WARNING] docling_core.types.doc.document:2214: Usage of TableItem.export_to_dataframe() without `doc` argument is deprecated.
2026-05-02 21:21:01,114 [INFO] pipeline_runner:129: Successfully processed avril-report1_2442026
2026-05-02 21:21:01,897 [INFO] pipeline_runner:119: Converted: FIN AOUT 2025_2292025.xlsx with format: <built-in method __format__ of ConversionResult object at 0x77f1c66b5360>
2026-05-02 21:21:01,897 [WARNING] docling_core.types.doc.document:2214: Usage of TableItem.export_to_dataframe() without `doc` argument is deprecated.
2026-05-02 21:21:01,906 [WARNING] docling_core.types.doc.document:2214: Usage of TableItem.export_to_dataframe() without `doc` argument is deprecated.
2026-05-02 21:21:02,008 [WARNING] docling_core.types.doc.document:2214: Usage of TableItem.export_to_dataframe() without `doc` argument is deprecated.
2026-05-02 21:21:02,099 [INFO] pipeline_runner:129: Successfully processed FIN AOUT 2025_2292025
2026-05-02 21:21:06,202 [INFO] pipeline_runner:119: Converted: fevrier-report3_2342026.xlsx with format: <built-in method __format__ of ConversionResult object at 0x77f1bc3d86e0>
2026-05-02 21:21:06,202 [WARNING] docling_core.types.doc.document:2214: Usage of TableItem.export_to_dataframe() without `doc` argument is deprecated.
2026-05-02 21:21:06,206 [WARNING] docling_core.types.doc.document:2214: Usage of TableItem.export_to_dataframe() without `doc` argument is deprecated.
2026-05-02 21:21:07,292 [WARNING] docling_core.types.doc.document:2214: Usage of TableItem.export_to_dataframe() without `doc` argument is deprecated.
2026-05-02 21:21:08,497 [INFO] pipeline_runner:129: Successfully processed fevrier-report3_2342026
2026-05-02 21:21:18,088 [INFO] pipeline_runner:119: Converted: Mai-report1_2442026.xlsx with format: <built-in method __format__ of ConversionResult object at 0x77f1b9bc3ed0>
2026-05-02 21:21:18,088 [WARNING] docling_core.types.doc.document:2214: Usage of TableItem.export_to_dataframe() without `doc` argument is deprecated.
2026-05-02 21:21:18,093 [WARNING] docling_core.types.doc.document:2214: Usage of TableItem.export_to_dataframe() without `doc` argument is deprecated.
2026-05-02 21:21:21,038 [WARNING] docling_core.types.doc.document:2214: Usage of TableItem.export_to_dataframe() without `doc` argument is deprecated.
2026-05-02 21:21:24,013 [INFO] pipeline_runner:129: Successfully processed Mai-report1_2442026
2026-05-02 21:21:29,715 [INFO] pipeline_runner:119: Converted: Mai-report2_2442026.xlsx with format: <built-in method __format__ of ConversionResult object at 0x77f1c7834b90>
2026-05-02 21:21:29,715 [WARNING] docling_core.types.doc.document:2214: Usage of TableItem.export_to_dataframe() without `doc` argument is deprecated.
2026-05-02 21:21:29,722 [WARNING] docling_core.types.doc.document:2214: Usage of TableItem.export_to_dataframe() without `doc` argument is deprecated.
2026-05-02 21:21:31,547 [WARNING] docling_core.types.doc.document:2214: Usage of TableItem.export_to_dataframe() without `doc` argument is deprecated.
2026-05-02 21:21:33,250 [INFO] pipeline_runner:129: Successfully processed Mai-report2_2442026
2026-05-02 21:21:33,664 [INFO] pipeline_runner:119: Converted: Fin-Decembre _2322026.xlsx with format: <built-in method __format__ of ConversionResult object at 0x77f1c6fa7de0>
2026-05-02 21:21:33,664 [WARNING] docling_core.types.doc.document:2214: Usage of TableItem.export_to_dataframe() without `doc` argument is deprecated.
2026-05-02 21:21:33,671 [WARNING] docling_core.types.doc.document:2214: Usage of TableItem.export_to_dataframe() without `doc` argument is deprecated.
2026-05-02 21:21:33,774 [WARNING] docling_core.types.doc.document:2214: Usage of TableItem.export_to_dataframe() without `doc` argument is deprecated.
2026-05-02 21:21:33,866 [INFO] pipeline_runner:129: Successfully processed Fin-Decembre _2322026
2026-05-02 21:21:34,490 [INFO] pipeline_runner:119: Converted: fin novembre _1122025.xlsx with format: <built-in method __format__ of ConversionResult object at 0x77f1c66b64e0>
2026-05-02 21:21:34,491 [WARNING] docling_core.types.doc.document:2214: Usage of TableItem.export_to_dataframe() without `doc` argument is deprecated.
2026-05-02 21:21:34,495 [WARNING] docling_core.types.doc.document:2214: Usage of TableItem.export_to_dataframe() without `doc` argument is deprecated.
2026-05-02 21:21:34,597 [WARNING] docling_core.types.doc.document:2214: Usage of TableItem.export_to_dataframe() without `doc` argument is deprecated.
2026-05-02 21:21:34,690 [INFO] pipeline_runner:129: Successfully processed fin novembre _1122025
2026-05-02 21:21:45,903 [INFO] pipeline_runner:119: Converted: janvier-report_2342026.xlsx with format: <built-in method __format__ of ConversionResult object at 0x77f1c630bed0>
2026-05-02 21:21:45,904 [WARNING] docling_core.types.doc.document:2214: Usage of TableItem.export_to_dataframe() without `doc` argument is deprecated.
2026-05-02 21:21:45,908 [WARNING] docling_core.types.doc.document:2214: Usage of TableItem.export_to_dataframe() without `doc` argument is deprecated.
2026-05-02 21:21:48,766 [WARNING] docling_core.types.doc.document:2214: Usage of TableItem.export_to_dataframe() without `doc` argument is deprecated.
2026-05-02 21:21:51,543 [INFO] pipeline_runner:129: Successfully processed janvier-report_2342026
2026-05-02 21:21:51,650 [INFO] EnergyDataPipeline:71: Pipeline execution completed successfully.
2026-05-02 21:22:51,439 [INFO] EnergyDataPipeline:64: Starting pipeline execution for 21 files...
2026-05-02 21:22:51,439 [INFO] pipeline_runner:115: Using Docling Strategy to process 21 files.
2026-05-02 21:22:57,552 [INFO] pipeline_runner:121: Converted: Mai-report2_2442026 (1).xlsx with format: <built-in method __format__ of ConversionResult object at 0x772f13c26990>
2026-05-02 21:22:57,552 [WARNING] docling_core.types.doc.document:2214: Usage of TableItem.export_to_dataframe() without `doc` argument is deprecated.
2026-05-02 21:22:57,559 [WARNING] docling_core.types.doc.document:2214: Usage of TableItem.export_to_dataframe() without `doc` argument is deprecated.
2026-05-02 21:22:58,996 [WARNING] docling_core.types.doc.document:2214: Usage of TableItem.export_to_dataframe() without `doc` argument is deprecated.
2026-05-02 21:23:00,597 [INFO] pipeline_runner:131: Successfully processed Mai-report2_2442026 (1)
2026-05-02 21:23:05,878 [INFO] pipeline_runner:121: Converted: juin-report2_2442026.xlsx with format: <built-in method __format__ of ConversionResult object at 0x772f13c0a440>
2026-05-02 21:23:05,878 [WARNING] docling_core.types.doc.document:2214: Usage of TableItem.export_to_dataframe() without `doc` argument is deprecated.
2026-05-02 21:23:05,883 [WARNING] docling_core.types.doc.document:2214: Usage of TableItem.export_to_dataframe() without `doc` argument is deprecated.
2026-05-02 21:23:07,488 [WARNING] docling_core.types.doc.document:2214: Usage of TableItem.export_to_dataframe() without `doc` argument is deprecated.
2026-05-02 21:23:08,961 [INFO] pipeline_runner:131: Successfully processed juin-report2_2442026
2026-05-02 21:23:19,203 [INFO] pipeline_runner:121: Converted: mars-report1_2342026.xlsx with format: <built-in method __format__ of ConversionResult object at 0x772f11b83610>
2026-05-02 21:23:19,203 [WARNING] docling_core.types.doc.document:2214: Usage of TableItem.export_to_dataframe() without `doc` argument is deprecated.
2026-05-02 21:23:19,209 [WARNING] docling_core.types.doc.document:2214: Usage of TableItem.export_to_dataframe() without `doc` argument is deprecated.
2026-05-02 21:23:22,411 [WARNING] docling_core.types.doc.document:2214: Usage of TableItem.export_to_dataframe() without `doc` argument is deprecated.
2026-05-02 21:23:25,063 [INFO] pipeline_runner:131: Successfully processed mars-report1_2342026
2026-05-02 21:23:29,847 [INFO] pipeline_runner:121: Converted: Fevrier-report1_2342026.xlsx with format: <built-in method __format__ of ConversionResult object at 0x772f4369db80>
2026-05-02 21:23:29,847 [WARNING] docling_core.types.doc.document:2214: Usage of TableItem.export_to_dataframe() without `doc` argument is deprecated.
2026-05-02 21:23:29,854 [WARNING] docling_core.types.doc.document:2214: Usage of TableItem.export_to_dataframe() without `doc` argument is deprecated.
2026-05-02 21:23:31,188 [WARNING] docling_core.types.doc.document:2214: Usage of TableItem.export_to_dataframe() without `doc` argument is deprecated.
2026-05-02 21:23:32,337 [INFO] pipeline_runner:131: Successfully processed Fevrier-report1_2342026
2026-05-02 21:23:32,982 [INFO] pipeline_runner:121: Converted: june-report1_2442026.xlsx with format: <built-in method __format__ of ConversionResult object at 0x772f0a22e120>
2026-05-02 21:23:32,983 [WARNING] docling_core.types.doc.document:2214: Usage of TableItem.export_to_dataframe() without `doc` argument is deprecated.
2026-05-02 21:23:32,989 [WARNING] docling_core.types.doc.document:2214: Usage of TableItem.export_to_dataframe() without `doc` argument is deprecated.
2026-05-02 21:23:33,091 [WARNING] docling_core.types.doc.document:2214: Usage of TableItem.export_to_dataframe() without `doc` argument is deprecated.
2026-05-02 21:23:33,181 [INFO] pipeline_runner:131: Successfully processed june-report1_2442026
2026-05-02 21:23:33,766 [INFO] pipeline_runner:121: Converted: Fin-Decembre _2322026 (1).xlsx with format: <built-in method __format__ of ConversionResult object at 0x772f11b83a70>
2026-05-02 21:23:33,767 [WARNING] docling_core.types.doc.document:2214: Usage of TableItem.export_to_dataframe() without `doc` argument is deprecated.
2026-05-02 21:23:33,771 [WARNING] docling_core.types.doc.document:2214: Usage of TableItem.export_to_dataframe() without `doc` argument is deprecated.
2026-05-02 21:23:33,876 [WARNING] docling_core.types.doc.document:2214: Usage of TableItem.export_to_dataframe() without `doc` argument is deprecated.
2026-05-02 21:23:33,968 [INFO] pipeline_runner:131: Successfully processed Fin-Decembre _2322026 (1)
2026-05-02 21:23:39,547 [INFO] pipeline_runner:121: Converted: janvier-report-2_2342026.xlsx with format: <built-in method __format__ of ConversionResult object at 0x772f0b16bfc0>
2026-05-02 21:23:39,548 [WARNING] docling_core.types.doc.document:2214: Usage of TableItem.export_to_dataframe() without `doc` argument is deprecated.
2026-05-02 21:23:39,553 [WARNING] docling_core.types.doc.document:2214: Usage of TableItem.export_to_dataframe() without `doc` argument is deprecated.
2026-05-02 21:23:41,188 [WARNING] docling_core.types.doc.document:2214: Usage of TableItem.export_to_dataframe() without `doc` argument is deprecated.
2026-05-02 21:23:42,439 [INFO] pipeline_runner:131: Successfully processed janvier-report-2_2342026
2026-05-02 21:23:42,729 [INFO] pipeline_runner:121: Converted: july-report1_2442026.xlsx with format: <built-in method __format__ of ConversionResult object at 0x772f13c08320>
2026-05-02 21:23:42,729 [WARNING] docling_core.types.doc.document:2214: Usage of TableItem.export_to_dataframe() without `doc` argument is deprecated.
2026-05-02 21:23:42,734 [WARNING] docling_core.types.doc.document:2214: Usage of TableItem.export_to_dataframe() without `doc` argument is deprecated.
2026-05-02 21:23:42,999 [WARNING] docling_core.types.doc.document:2214: Usage of TableItem.export_to_dataframe() without `doc` argument is deprecated.
2026-05-02 21:23:43,051 [INFO] pipeline_runner:131: Successfully processed july-report1_2442026
2026-05-02 21:23:48,523 [INFO] pipeline_runner:121: Converted: report-fevrier2_2342026.xlsx with format: <built-in method __format__ of ConversionResult object at 0x772ef959be80>
2026-05-02 21:23:48,523 [WARNING] docling_core.types.doc.document:2214: Usage of TableItem.export_to_dataframe() without `doc` argument is deprecated.
2026-05-02 21:23:48,527 [WARNING] docling_core.types.doc.document:2214: Usage of TableItem.export_to_dataframe() without `doc` argument is deprecated.
2026-05-02 21:23:50,137 [WARNING] docling_core.types.doc.document:2214: Usage of TableItem.export_to_dataframe() without `doc` argument is deprecated.
2026-05-02 21:23:51,481 [INFO] pipeline_runner:131: Successfully processed report-fevrier2_2342026
2026-05-02 21:23:56,944 [INFO] pipeline_runner:121: Converted: avril-report2_2442026.xlsx with format: <built-in method __format__ of ConversionResult object at 0x772f067f06e0>
2026-05-02 21:23:56,944 [WARNING] docling_core.types.doc.document:2214: Usage of TableItem.export_to_dataframe() without `doc` argument is deprecated.
2026-05-02 21:23:56,950 [WARNING] docling_core.types.doc.document:2214: Usage of TableItem.export_to_dataframe() without `doc` argument is deprecated.
2026-05-02 21:23:58,578 [WARNING] docling_core.types.doc.document:2214: Usage of TableItem.export_to_dataframe() without `doc` argument is deprecated.
2026-05-02 21:24:00,078 [INFO] pipeline_runner:131: Successfully processed avril-report2_2442026
2026-05-02 21:24:00,389 [INFO] pipeline_runner:121: Converted: FIN JUILLET 2025_2492025.xlsx with format: <built-in method __format__ of ConversionResult object at 0x772ef961be80>
2026-05-02 21:24:00,389 [WARNING] docling_core.types.doc.document:2214: Usage of TableItem.export_to_dataframe() without `doc` argument is deprecated.
2026-05-02 21:24:00,395 [WARNING] docling_core.types.doc.document:2214: Usage of TableItem.export_to_dataframe() without `doc` argument is deprecated.
2026-05-02 21:24:00,661 [WARNING] docling_core.types.doc.document:2214: Usage of TableItem.export_to_dataframe() without `doc` argument is deprecated.
2026-05-02 21:24:00,718 [WARNING] docling_core.types.doc.document:2214: Usage of TableItem.export_to_dataframe() without `doc` argument is deprecated.
2026-05-02 21:24:00,719 [INFO] pipeline_runner:131: Successfully processed FIN JUILLET 2025_2492025
2026-05-02 21:24:01,096 [INFO] pipeline_runner:121: Converted: FIN OCTOBER _4112025.xlsx with format: <built-in method __format__ of ConversionResult object at 0x772f4369db80>
2026-05-02 21:24:01,096 [WARNING] docling_core.types.doc.document:2214: Usage of TableItem.export_to_dataframe() without `doc` argument is deprecated.
2026-05-02 21:24:01,100 [WARNING] docling_core.types.doc.document:2214: Usage of TableItem.export_to_dataframe() without `doc` argument is deprecated.
2026-05-02 21:24:01,385 [WARNING] docling_core.types.doc.document:2214: Usage of TableItem.export_to_dataframe() without `doc` argument is deprecated.
2026-05-02 21:24:01,481 [INFO] pipeline_runner:131: Successfully processed FIN OCTOBER _4112025
2026-05-02 21:24:07,397 [INFO] pipeline_runner:121: Converted: mars-report2_2442026.xlsx with format: <built-in method __format__ of ConversionResult object at 0x772f0486dc70>
2026-05-02 21:24:07,398 [WARNING] docling_core.types.doc.document:2214: Usage of TableItem.export_to_dataframe() without `doc` argument is deprecated.
2026-05-02 21:24:07,402 [WARNING] docling_core.types.doc.document:2214: Usage of TableItem.export_to_dataframe() without `doc` argument is deprecated.
2026-05-02 21:24:09,056 [WARNING] docling_core.types.doc.document:2214: Usage of TableItem.export_to_dataframe() without `doc` argument is deprecated.
2026-05-02 21:24:10,600 [INFO] pipeline_runner:131: Successfully processed mars-report2_2442026
2026-05-02 21:24:20,329 [INFO] pipeline_runner:121: Converted: avril-report1_2442026.xlsx with format: <built-in method __format__ of ConversionResult object at 0x772f12ebdc70>
2026-05-02 21:24:20,330 [WARNING] docling_core.types.doc.document:2214: Usage of TableItem.export_to_dataframe() without `doc` argument is deprecated.
2026-05-02 21:24:20,335 [WARNING] docling_core.types.doc.document:2214: Usage of TableItem.export_to_dataframe() without `doc` argument is deprecated.
2026-05-02 21:24:23,201 [WARNING] docling_core.types.doc.document:2214: Usage of TableItem.export_to_dataframe() without `doc` argument is deprecated.
2026-05-02 21:24:25,702 [INFO] pipeline_runner:131: Successfully processed avril-report1_2442026
2026-05-02 21:24:26,466 [INFO] pipeline_runner:121: Converted: FIN AOUT 2025_2292025.xlsx with format: <built-in method __format__ of ConversionResult object at 0x772f088f5360>
2026-05-02 21:24:26,466 [WARNING] docling_core.types.doc.document:2214: Usage of TableItem.export_to_dataframe() without `doc` argument is deprecated.
2026-05-02 21:24:26,484 [WARNING] docling_core.types.doc.document:2214: Usage of TableItem.export_to_dataframe() without `doc` argument is deprecated.
2026-05-02 21:24:26,588 [WARNING] docling_core.types.doc.document:2214: Usage of TableItem.export_to_dataframe() without `doc` argument is deprecated.
2026-05-02 21:24:26,679 [INFO] pipeline_runner:131: Successfully processed FIN AOUT 2025_2292025
2026-05-02 21:24:30,879 [INFO] pipeline_runner:121: Converted: fevrier-report3_2342026.xlsx with format: <built-in method __format__ of ConversionResult object at 0x772f067f06e0>
2026-05-02 21:24:30,880 [WARNING] docling_core.types.doc.document:2214: Usage of TableItem.export_to_dataframe() without `doc` argument is deprecated.
2026-05-02 21:24:30,884 [WARNING] docling_core.types.doc.document:2214: Usage of TableItem.export_to_dataframe() without `doc` argument is deprecated.
2026-05-02 21:24:31,984 [WARNING] docling_core.types.doc.document:2214: Usage of TableItem.export_to_dataframe() without `doc` argument is deprecated.
2026-05-02 21:24:33,238 [INFO] pipeline_runner:131: Successfully processed fevrier-report3_2342026
2026-05-02 21:24:43,096 [INFO] pipeline_runner:121: Converted: Mai-report1_2442026.xlsx with format: <built-in method __format__ of ConversionResult object at 0x772f0f097ed0>
2026-05-02 21:24:43,096 [WARNING] docling_core.types.doc.document:2214: Usage of TableItem.export_to_dataframe() without `doc` argument is deprecated.
2026-05-02 21:24:43,101 [WARNING] docling_core.types.doc.document:2214: Usage of TableItem.export_to_dataframe() without `doc` argument is deprecated.
2026-05-02 21:24:45,858 [WARNING] docling_core.types.doc.document:2214: Usage of TableItem.export_to_dataframe() without `doc` argument is deprecated.
2026-05-02 21:24:48,765 [INFO] pipeline_runner:131: Successfully processed Mai-report1_2442026
2026-05-02 21:24:54,299 [INFO] pipeline_runner:121: Converted: Mai-report2_2442026.xlsx with format: <built-in method __format__ of ConversionResult object at 0x772eb33ecb90>
2026-05-02 21:24:54,299 [WARNING] docling_core.types.doc.document:2214: Usage of TableItem.export_to_dataframe() without `doc` argument is deprecated.
2026-05-02 21:24:54,306 [WARNING] docling_core.types.doc.document:2214: Usage of TableItem.export_to_dataframe() without `doc` argument is deprecated.
2026-05-02 21:24:56,086 [WARNING] docling_core.types.doc.document:2214: Usage of TableItem.export_to_dataframe() without `doc` argument is deprecated.
2026-05-02 21:24:57,678 [INFO] pipeline_runner:131: Successfully processed Mai-report2_2442026
2026-05-02 21:24:58,090 [INFO] pipeline_runner:121: Converted: Fin-Decembre _2322026.xlsx with format: <built-in method __format__ of ConversionResult object at 0x772f07917de0>
2026-05-02 21:24:58,091 [WARNING] docling_core.types.doc.document:2214: Usage of TableItem.export_to_dataframe() without `doc` argument is deprecated.
2026-05-02 21:24:58,097 [WARNING] docling_core.types.doc.document:2214: Usage of TableItem.export_to_dataframe() without `doc` argument is deprecated.
2026-05-02 21:24:58,202 [WARNING] docling_core.types.doc.document:2214: Usage of TableItem.export_to_dataframe() without `doc` argument is deprecated.
2026-05-02 21:24:58,296 [INFO] pipeline_runner:131: Successfully processed Fin-Decembre _2322026
2026-05-02 21:24:58,898 [INFO] pipeline_runner:121: Converted: fin novembre _1122025.xlsx with format: <built-in method __format__ of ConversionResult object at 0x772f088f64e0>
2026-05-02 21:24:58,898 [WARNING] docling_core.types.doc.document:2214: Usage of TableItem.export_to_dataframe() without `doc` argument is deprecated.
2026-05-02 21:24:58,902 [WARNING] docling_core.types.doc.document:2214: Usage of TableItem.export_to_dataframe() without `doc` argument is deprecated.
2026-05-02 21:24:59,006 [WARNING] docling_core.types.doc.document:2214: Usage of TableItem.export_to_dataframe() without `doc` argument is deprecated.
2026-05-02 21:24:59,097 [INFO] pipeline_runner:131: Successfully processed fin novembre _1122025
2026-05-02 21:25:09,980 [INFO] pipeline_runner:121: Converted: janvier-report_2342026.xlsx with format: <built-in method __format__ of ConversionResult object at 0x772f111f7ed0>
2026-05-02 21:25:09,980 [WARNING] docling_core.types.doc.document:2214: Usage of TableItem.export_to_dataframe() without `doc` argument is deprecated.
2026-05-02 21:25:09,984 [WARNING] docling_core.types.doc.document:2214: Usage of TableItem.export_to_dataframe() without `doc` argument is deprecated.
2026-05-02 21:25:12,777 [WARNING] docling_core.types.doc.document:2214: Usage of TableItem.export_to_dataframe() without `doc` argument is deprecated.
2026-05-02 21:25:15,380 [INFO] pipeline_runner:131: Successfully processed janvier-report_2342026
2026-05-02 21:25:15,485 [INFO] EnergyDataPipeline:71: Pipeline execution completed successfully.
2026-05-02 21:28:03,667 [INFO] EnergyDataPipeline:64: Starting pipeline execution for 2 files...
2026-05-02 21:28:03,667 [INFO] pipeline_runner:121: Using Docling Strategy to process 2 files.
2026-05-02 21:28:09,792 [INFO] pipeline_runner:127: Converted: Mai-report2_2442026 (1).xlsx with format: <built-in method __format__ of ConversionResult object at 0x7de60ce5bd40>
2026-05-02 21:28:09,792 [WARNING] docling_core.types.doc.document:2214: Usage of TableItem.export_to_dataframe() without `doc` argument is deprecated.
2026-05-02 21:28:09,799 [WARNING] docling_core.types.doc.document:2214: Usage of TableItem.export_to_dataframe() without `doc` argument is deprecated.
2026-05-02 21:28:11,254 [WARNING] docling_core.types.doc.document:2214: Usage of TableItem.export_to_dataframe() without `doc` argument is deprecated.
2026-05-02 21:28:12,863 [INFO] pipeline_runner:137: Successfully processed Mai-report2_2442026 (1)
2026-05-02 21:28:18,096 [INFO] pipeline_runner:127: Converted: juin-report2_2442026.xlsx with format: <built-in method __format__ of ConversionResult object at 0x7de60ce0dc70>
2026-05-02 21:28:18,096 [WARNING] docling_core.types.doc.document:2214: Usage of TableItem.export_to_dataframe() without `doc` argument is deprecated.
2026-05-02 21:28:18,101 [WARNING] docling_core.types.doc.document:2214: Usage of TableItem.export_to_dataframe() without `doc` argument is deprecated.
2026-05-02 21:28:19,668 [WARNING] docling_core.types.doc.document:2214: Usage of TableItem.export_to_dataframe() without `doc` argument is deprecated.
2026-05-02 21:28:21,116 [INFO] pipeline_runner:137: Successfully processed juin-report2_2442026
2026-05-02 21:28:21,175 [INFO] EnergyDataPipeline:71: Pipeline execution completed successfully.
2026-05-02 21:32:41,677 [INFO] EnergyDataPipeline:64: Starting pipeline execution for 21 files...
2026-05-02 21:32:41,677 [INFO] pipeline_runner:78: Using Docling Strategy to process 21 files.
2026-05-02 21:32:47,787 [INFO] pipeline_runner:84: Converted: Mai-report2_2442026 (1).xlsx with format: <built-in method __format__ of ConversionResult object at 0x76bf2c032620>
2026-05-02 21:32:47,787 [WARNING] docling_core.types.doc.document:2214: Usage of TableItem.export_to_dataframe() without `doc` argument is deprecated.
2026-05-02 21:32:47,794 [WARNING] docling_core.types.doc.document:2214: Usage of TableItem.export_to_dataframe() without `doc` argument is deprecated.
2026-05-02 21:32:49,220 [WARNING] docling_core.types.doc.document:2214: Usage of TableItem.export_to_dataframe() without `doc` argument is deprecated.
2026-05-02 21:32:50,776 [INFO] pipeline_runner:94: Successfully processed Mai-report2_2442026 (1)
2026-05-02 21:32:56,028 [INFO] pipeline_runner:84: Converted: juin-report2_2442026.xlsx with format: <built-in method __format__ of ConversionResult object at 0x76bf2c00e0d0>
2026-05-02 21:32:56,029 [WARNING] docling_core.types.doc.document:2214: Usage of TableItem.export_to_dataframe() without `doc` argument is deprecated.
2026-05-02 21:32:56,034 [WARNING] docling_core.types.doc.document:2214: Usage of TableItem.export_to_dataframe() without `doc` argument is deprecated.
2026-05-02 21:32:57,625 [WARNING] docling_core.types.doc.document:2214: Usage of TableItem.export_to_dataframe() without `doc` argument is deprecated.
2026-05-02 21:32:59,099 [INFO] pipeline_runner:94: Successfully processed juin-report2_2442026
2026-05-02 21:33:09,338 [INFO] pipeline_runner:84: Converted: mars-report1_2342026.xlsx with format: <built-in method __format__ of ConversionResult object at 0x76bf29fdf2a0>
2026-05-02 21:33:09,339 [WARNING] docling_core.types.doc.document:2214: Usage of TableItem.export_to_dataframe() without `doc` argument is deprecated.
2026-05-02 21:33:09,344 [WARNING] docling_core.types.doc.document:2214: Usage of TableItem.export_to_dataframe() without `doc` argument is deprecated.
2026-05-02 21:33:12,463 [WARNING] docling_core.types.doc.document:2214: Usage of TableItem.export_to_dataframe() without `doc` argument is deprecated.
2026-05-02 21:33:15,053 [INFO] pipeline_runner:94: Successfully processed mars-report1_2342026
2026-05-02 21:33:19,667 [INFO] pipeline_runner:84: Converted: Fevrier-report1_2342026.xlsx with format: <built-in method __format__ of ConversionResult object at 0x76bf246ade50>
2026-05-02 21:33:19,668 [WARNING] docling_core.types.doc.document:2214: Usage of TableItem.export_to_dataframe() without `doc` argument is deprecated.
2026-05-02 21:33:19,674 [WARNING] docling_core.types.doc.document:2214: Usage of TableItem.export_to_dataframe() without `doc` argument is deprecated.
2026-05-02 21:33:20,954 [WARNING] docling_core.types.doc.document:2214: Usage of TableItem.export_to_dataframe() without `doc` argument is deprecated.
2026-05-02 21:33:22,037 [INFO] pipeline_runner:94: Successfully processed Fevrier-report1_2342026
2026-05-02 21:33:22,691 [INFO] pipeline_runner:84: Converted: june-report1_2442026.xlsx with format: <built-in method __format__ of ConversionResult object at 0x76bf253d9db0>
2026-05-02 21:33:22,691 [WARNING] docling_core.types.doc.document:2214: Usage of TableItem.export_to_dataframe() without `doc` argument is deprecated.
2026-05-02 21:33:22,697 [WARNING] docling_core.types.doc.document:2214: Usage of TableItem.export_to_dataframe() without `doc` argument is deprecated.
2026-05-02 21:33:22,799 [WARNING] docling_core.types.doc.document:2214: Usage of TableItem.export_to_dataframe() without `doc` argument is deprecated.
2026-05-02 21:33:22,887 [INFO] pipeline_runner:94: Successfully processed june-report1_2442026
2026-05-02 21:33:23,449 [INFO] pipeline_runner:84: Converted: Fin-Decembre _2322026 (1).xlsx with format: <built-in method __format__ of ConversionResult object at 0x76bf2c1b3f70>
2026-05-02 21:33:23,450 [WARNING] docling_core.types.doc.document:2214: Usage of TableItem.export_to_dataframe() without `doc` argument is deprecated.
2026-05-02 21:33:23,454 [WARNING] docling_core.types.doc.document:2214: Usage of TableItem.export_to_dataframe() without `doc` argument is deprecated.
2026-05-02 21:33:23,554 [WARNING] docling_core.types.doc.document:2214: Usage of TableItem.export_to_dataframe() without `doc` argument is deprecated.
2026-05-02 21:33:23,643 [INFO] pipeline_runner:94: Successfully processed Fin-Decembre _2322026 (1)
2026-05-02 21:33:29,018 [INFO] pipeline_runner:84: Converted: janvier-report-2_2342026.xlsx with format: <built-in method __format__ of ConversionResult object at 0x76bf19b0c4b0>
2026-05-02 21:33:29,018 [WARNING] docling_core.types.doc.document:2214: Usage of TableItem.export_to_dataframe() without `doc` argument is deprecated.
2026-05-02 21:33:29,022 [WARNING] docling_core.types.doc.document:2214: Usage of TableItem.export_to_dataframe() without `doc` argument is deprecated.
2026-05-02 21:33:30,578 [WARNING] docling_core.types.doc.document:2214: Usage of TableItem.export_to_dataframe() without `doc` argument is deprecated.
2026-05-02 21:33:31,823 [INFO] pipeline_runner:94: Successfully processed janvier-report-2_2342026
2026-05-02 21:33:32,115 [INFO] pipeline_runner:84: Converted: july-report1_2442026.xlsx with format: <built-in method __format__ of ConversionResult object at 0x76bf1e3b6120>
2026-05-02 21:33:32,115 [WARNING] docling_core.types.doc.document:2214: Usage of TableItem.export_to_dataframe() without `doc` argument is deprecated.
2026-05-02 21:33:32,121 [WARNING] docling_core.types.doc.document:2214: Usage of TableItem.export_to_dataframe() without `doc` argument is deprecated.
2026-05-02 21:33:32,375 [WARNING] docling_core.types.doc.document:2214: Usage of TableItem.export_to_dataframe() without `doc` argument is deprecated.
2026-05-02 21:33:32,437 [INFO] pipeline_runner:94: Successfully processed july-report1_2442026
2026-05-02 21:33:37,899 [INFO] pipeline_runner:84: Converted: report-fevrier2_2342026.xlsx with format: <built-in method __format__ of ConversionResult object at 0x76bea73f8e60>
2026-05-02 21:33:37,899 [WARNING] docling_core.types.doc.document:2214: Usage of TableItem.export_to_dataframe() without `doc` argument is deprecated.
2026-05-02 21:33:37,903 [WARNING] docling_core.types.doc.document:2214: Usage of TableItem.export_to_dataframe() without `doc` argument is deprecated.
2026-05-02 21:33:39,466 [WARNING] docling_core.types.doc.document:2214: Usage of TableItem.export_to_dataframe() without `doc` argument is deprecated.
2026-05-02 21:33:40,702 [INFO] pipeline_runner:94: Successfully processed report-fevrier2_2342026
2026-05-02 21:33:45,934 [INFO] pipeline_runner:84: Converted: avril-report2_2442026.xlsx with format: <built-in method __format__ of ConversionResult object at 0x76bf24040370>
2026-05-02 21:33:45,934 [WARNING] docling_core.types.doc.document:2214: Usage of TableItem.export_to_dataframe() without `doc` argument is deprecated.
2026-05-02 21:33:45,940 [WARNING] docling_core.types.doc.document:2214: Usage of TableItem.export_to_dataframe() without `doc` argument is deprecated.
2026-05-02 21:33:47,532 [WARNING] docling_core.types.doc.document:2214: Usage of TableItem.export_to_dataframe() without `doc` argument is deprecated.
2026-05-02 21:33:48,987 [INFO] pipeline_runner:94: Successfully processed avril-report2_2442026
2026-05-02 21:33:49,299 [INFO] pipeline_runner:84: Converted: FIN JUILLET 2025_2492025.xlsx with format: <built-in method __format__ of ConversionResult object at 0x76bf2482bb10>
2026-05-02 21:33:49,300 [WARNING] docling_core.types.doc.document:2214: Usage of TableItem.export_to_dataframe() without `doc` argument is deprecated.
2026-05-02 21:33:49,306 [WARNING] docling_core.types.doc.document:2214: Usage of TableItem.export_to_dataframe() without `doc` argument is deprecated.
2026-05-02 21:33:49,583 [WARNING] docling_core.types.doc.document:2214: Usage of TableItem.export_to_dataframe() without `doc` argument is deprecated.
2026-05-02 21:33:49,638 [WARNING] docling_core.types.doc.document:2214: Usage of TableItem.export_to_dataframe() without `doc` argument is deprecated.
2026-05-02 21:33:49,639 [INFO] pipeline_runner:94: Successfully processed FIN JUILLET 2025_2492025
2026-05-02 21:33:50,013 [INFO] pipeline_runner:84: Converted: FIN OCTOBER _4112025.xlsx with format: <built-in method __format__ of ConversionResult object at 0x76bf25617bb0>
2026-05-02 21:33:50,013 [WARNING] docling_core.types.doc.document:2214: Usage of TableItem.export_to_dataframe() without `doc` argument is deprecated.
2026-05-02 21:33:50,017 [WARNING] docling_core.types.doc.document:2214: Usage of TableItem.export_to_dataframe() without `doc` argument is deprecated.
2026-05-02 21:33:50,276 [WARNING] docling_core.types.doc.document:2214: Usage of TableItem.export_to_dataframe() without `doc` argument is deprecated.
2026-05-02 21:33:50,371 [INFO] pipeline_runner:94: Successfully processed FIN OCTOBER _4112025
2026-05-02 21:33:56,251 [INFO] pipeline_runner:84: Converted: mars-report2_2442026.xlsx with format: <built-in method __format__ of ConversionResult object at 0x76bf136e4f00>
2026-05-02 21:33:56,251 [WARNING] docling_core.types.doc.document:2214: Usage of TableItem.export_to_dataframe() without `doc` argument is deprecated.
2026-05-02 21:33:56,255 [WARNING] docling_core.types.doc.document:2214: Usage of TableItem.export_to_dataframe() without `doc` argument is deprecated.
2026-05-02 21:33:58,067 [WARNING] docling_core.types.doc.document:2214: Usage of TableItem.export_to_dataframe() without `doc` argument is deprecated.
2026-05-02 21:33:59,687 [INFO] pipeline_runner:94: Successfully processed mars-report2_2442026
2026-05-02 21:34:09,418 [INFO] pipeline_runner:84: Converted: avril-report1_2442026.xlsx with format: <built-in method __format__ of ConversionResult object at 0x76bec1227c50>
2026-05-02 21:34:09,418 [WARNING] docling_core.types.doc.document:2214: Usage of TableItem.export_to_dataframe() without `doc` argument is deprecated.
2026-05-02 21:34:09,424 [WARNING] docling_core.types.doc.document:2214: Usage of TableItem.export_to_dataframe() without `doc` argument is deprecated.
2026-05-02 21:34:12,136 [WARNING] docling_core.types.doc.document:2214: Usage of TableItem.export_to_dataframe() without `doc` argument is deprecated.
2026-05-02 21:34:14,640 [INFO] pipeline_runner:94: Successfully processed avril-report1_2442026
2026-05-02 21:34:15,402 [INFO] pipeline_runner:84: Converted: FIN AOUT 2025_2292025.xlsx with format: <built-in method __format__ of ConversionResult object at 0x76bf24025c20>
2026-05-02 21:34:15,402 [WARNING] docling_core.types.doc.document:2214: Usage of TableItem.export_to_dataframe() without `doc` argument is deprecated.
2026-05-02 21:34:15,410 [WARNING] docling_core.types.doc.document:2214: Usage of TableItem.export_to_dataframe() without `doc` argument is deprecated.
2026-05-02 21:34:15,511 [WARNING] docling_core.types.doc.document:2214: Usage of TableItem.export_to_dataframe() without `doc` argument is deprecated.
2026-05-02 21:34:15,603 [INFO] pipeline_runner:94: Successfully processed FIN AOUT 2025_2292025
2026-05-02 21:34:19,775 [INFO] pipeline_runner:84: Converted: fevrier-report3_2342026.xlsx with format: <built-in method __format__ of ConversionResult object at 0x76bf254c40a0>
2026-05-02 21:34:19,776 [WARNING] docling_core.types.doc.document:2214: Usage of TableItem.export_to_dataframe() without `doc` argument is deprecated.
2026-05-02 21:34:19,779 [WARNING] docling_core.types.doc.document:2214: Usage of TableItem.export_to_dataframe() without `doc` argument is deprecated.
2026-05-02 21:34:20,856 [WARNING] docling_core.types.doc.document:2214: Usage of TableItem.export_to_dataframe() without `doc` argument is deprecated.
2026-05-02 21:34:22,129 [INFO] pipeline_runner:94: Successfully processed fevrier-report3_2342026
2026-05-02 21:34:31,912 [INFO] pipeline_runner:84: Converted: Mai-report1_2442026.xlsx with format: <built-in method __format__ of ConversionResult object at 0x76bf1ffd9680>
2026-05-02 21:34:31,913 [WARNING] docling_core.types.doc.document:2214: Usage of TableItem.export_to_dataframe() without `doc` argument is deprecated.
2026-05-02 21:34:31,918 [WARNING] docling_core.types.doc.document:2214: Usage of TableItem.export_to_dataframe() without `doc` argument is deprecated.
2026-05-02 21:34:34,801 [WARNING] docling_core.types.doc.document:2214: Usage of TableItem.export_to_dataframe() without `doc` argument is deprecated.
2026-05-02 21:34:37,726 [INFO] pipeline_runner:94: Successfully processed Mai-report1_2442026
2026-05-02 21:34:43,179 [INFO] pipeline_runner:84: Converted: Mai-report2_2442026.xlsx with format: <built-in method __format__ of ConversionResult object at 0x76bf11c67520>
2026-05-02 21:34:43,179 [WARNING] docling_core.types.doc.document:2214: Usage of TableItem.export_to_dataframe() without `doc` argument is deprecated.
2026-05-02 21:34:43,186 [WARNING] docling_core.types.doc.document:2214: Usage of TableItem.export_to_dataframe() without `doc` argument is deprecated.
2026-05-02 21:34:44,950 [WARNING] docling_core.types.doc.document:2214: Usage of TableItem.export_to_dataframe() without `doc` argument is deprecated.
2026-05-02 21:34:46,528 [INFO] pipeline_runner:94: Successfully processed Mai-report2_2442026
2026-05-02 21:34:46,940 [INFO] pipeline_runner:84: Converted: Fin-Decembre _2322026.xlsx with format: <built-in method __format__ of ConversionResult object at 0x76bec1d78be0>
2026-05-02 21:34:46,941 [WARNING] docling_core.types.doc.document:2214: Usage of TableItem.export_to_dataframe() without `doc` argument is deprecated.
2026-05-02 21:34:46,948 [WARNING] docling_core.types.doc.document:2214: Usage of TableItem.export_to_dataframe() without `doc` argument is deprecated.
2026-05-02 21:34:47,051 [WARNING] docling_core.types.doc.document:2214: Usage of TableItem.export_to_dataframe() without `doc` argument is deprecated.
2026-05-02 21:34:47,142 [INFO] pipeline_runner:94: Successfully processed Fin-Decembre _2322026
2026-05-02 21:34:47,745 [INFO] pipeline_runner:84: Converted: fin novembre _1122025.xlsx with format: <built-in method __format__ of ConversionResult object at 0x76bf678595e0>
2026-05-02 21:34:47,746 [WARNING] docling_core.types.doc.document:2214: Usage of TableItem.export_to_dataframe() without `doc` argument is deprecated.
2026-05-02 21:34:47,750 [WARNING] docling_core.types.doc.document:2214: Usage of TableItem.export_to_dataframe() without `doc` argument is deprecated.
2026-05-02 21:34:47,851 [WARNING] docling_core.types.doc.document:2214: Usage of TableItem.export_to_dataframe() without `doc` argument is deprecated.
2026-05-02 21:34:47,941 [INFO] pipeline_runner:94: Successfully processed fin novembre _1122025
2026-05-02 21:34:58,848 [INFO] pipeline_runner:84: Converted: janvier-report_2342026.xlsx with format: <built-in method __format__ of ConversionResult object at 0x76bf22f7bed0>
2026-05-02 21:34:58,848 [WARNING] docling_core.types.doc.document:2214: Usage of TableItem.export_to_dataframe() without `doc` argument is deprecated.
2026-05-02 21:34:58,853 [WARNING] docling_core.types.doc.document:2214: Usage of TableItem.export_to_dataframe() without `doc` argument is deprecated.
2026-05-02 21:35:01,602 [WARNING] docling_core.types.doc.document:2214: Usage of TableItem.export_to_dataframe() without `doc` argument is deprecated.
2026-05-02 21:35:04,182 [INFO] pipeline_runner:94: Successfully processed janvier-report_2342026
2026-05-02 21:35:04,289 [INFO] EnergyDataPipeline:71: Pipeline execution completed successfully.
2026-05-02 21:36:09,676 [INFO] EnergyDataPipeline:64: Starting pipeline execution for 6 files...
2026-05-02 21:36:09,676 [INFO] pipeline_runner:78: Using Docling Strategy to process 6 files.
2026-05-02 21:37:30,512 [INFO] httpx:1025: HTTP Request: GET https://huggingface.co/api/models/docling-project/docling-layout-heron/revision/main "HTTP/1.1 200 OK"
2026-05-02 21:37:30,780 [INFO] httpx:1025: HTTP Request: HEAD https://huggingface.co/docling-project/docling-layout-heron/resolve/8f39ad3c0b4c58e9c2d2c84a38465abf757272d8/.gitattributes "HTTP/1.1 307 Temporary Redirect"
2026-05-02 21:37:30,866 [INFO] httpx:1025: HTTP Request: HEAD https://huggingface.co/docling-project/docling-layout-heron/resolve/8f39ad3c0b4c58e9c2d2c84a38465abf757272d8/docling_heron_400.png "HTTP/1.1 307 Temporary Redirect"
2026-05-02 21:37:30,870 [INFO] httpx:1025: HTTP Request: HEAD https://huggingface.co/docling-project/docling-layout-heron/resolve/8f39ad3c0b4c58e9c2d2c84a38465abf757272d8/model.safetensors "HTTP/1.1 302 Found"
2026-05-02 21:37:30,871 [WARNING] huggingface_hub.utils._http:904: Warning: You are sending unauthenticated requests to the HF Hub. Please set a HF_TOKEN to enable higher rate limits and faster downloads.
2026-05-02 21:37:30,945 [INFO] httpx:1025: HTTP Request: HEAD https://huggingface.co/api/resolve-cache/models/docling-project/docling-layout-heron/8f39ad3c0b4c58e9c2d2c84a38465abf757272d8/.gitattributes "HTTP/1.1 200 OK"
2026-05-02 21:37:30,965 [INFO] httpx:1025: HTTP Request: HEAD https://huggingface.co/api/resolve-cache/models/docling-project/docling-layout-heron/8f39ad3c0b4c58e9c2d2c84a38465abf757272d8/docling_heron_400.png "HTTP/1.1 200 OK"
2026-05-02 21:37:30,969 [INFO] httpx:1025: HTTP Request: HEAD https://huggingface.co/docling-project/docling-layout-heron/resolve/8f39ad3c0b4c58e9c2d2c84a38465abf757272d8/README.md "HTTP/1.1 307 Temporary Redirect"
2026-05-02 21:37:30,970 [INFO] httpx:1025: HTTP Request: HEAD https://huggingface.co/docling-project/docling-layout-heron/resolve/8f39ad3c0b4c58e9c2d2c84a38465abf757272d8/config.json "HTTP/1.1 307 Temporary Redirect"
2026-05-02 21:37:30,980 [INFO] httpx:1025: HTTP Request: HEAD https://huggingface.co/docling-project/docling-layout-heron/resolve/8f39ad3c0b4c58e9c2d2c84a38465abf757272d8/preprocessor_config.json "HTTP/1.1 307 Temporary Redirect"
2026-05-02 21:37:31,048 [INFO] httpx:1025: HTTP Request: GET https://huggingface.co/api/resolve-cache/models/docling-project/docling-layout-heron/8f39ad3c0b4c58e9c2d2c84a38465abf757272d8/.gitattributes "HTTP/1.1 200 OK"
2026-05-02 21:37:31,062 [INFO] httpx:1025: HTTP Request: HEAD https://huggingface.co/api/resolve-cache/models/docling-project/docling-layout-heron/8f39ad3c0b4c58e9c2d2c84a38465abf757272d8/README.md "HTTP/1.1 200 OK"
2026-05-02 21:37:31,064 [INFO] httpx:1025: HTTP Request: HEAD https://huggingface.co/api/resolve-cache/models/docling-project/docling-layout-heron/8f39ad3c0b4c58e9c2d2c84a38465abf757272d8/config.json "HTTP/1.1 200 OK"
2026-05-02 21:37:31,068 [INFO] httpx:1025: HTTP Request: GET https://huggingface.co/api/resolve-cache/models/docling-project/docling-layout-heron/8f39ad3c0b4c58e9c2d2c84a38465abf757272d8/docling_heron_400.png "HTTP/1.1 200 OK"
2026-05-02 21:37:31,095 [INFO] httpx:1025: HTTP Request: HEAD https://huggingface.co/api/resolve-cache/models/docling-project/docling-layout-heron/8f39ad3c0b4c58e9c2d2c84a38465abf757272d8/preprocessor_config.json "HTTP/1.1 200 OK"
2026-05-02 21:37:31,156 [INFO] httpx:1025: HTTP Request: GET https://huggingface.co/api/models/docling-project/docling-layout-heron/xet-read-token/8f39ad3c0b4c58e9c2d2c84a38465abf757272d8 "HTTP/1.1 200 OK"
2026-05-02 21:37:31,182 [INFO] httpx:1025: HTTP Request: GET https://huggingface.co/api/resolve-cache/models/docling-project/docling-layout-heron/8f39ad3c0b4c58e9c2d2c84a38465abf757272d8/preprocessor_config.json "HTTP/1.1 200 OK"
2026-05-02 21:37:31,185 [INFO] httpx:1025: HTTP Request: GET https://huggingface.co/api/resolve-cache/models/docling-project/docling-layout-heron/8f39ad3c0b4c58e9c2d2c84a38465abf757272d8/README.md "HTTP/1.1 200 OK"
2026-05-02 21:37:31,186 [INFO] httpx:1025: HTTP Request: GET https://huggingface.co/api/resolve-cache/models/docling-project/docling-layout-heron/8f39ad3c0b4c58e9c2d2c84a38465abf757272d8/config.json "HTTP/1.1 200 OK"
2026-05-02 21:40:30,497 [INFO] httpx:1025: HTTP Request: GET https://huggingface.co/api/models/docling-project/docling-models/revision/v2.3.0 "HTTP/1.1 200 OK"
2026-05-02 21:40:30,731 [INFO] httpx:1025: HTTP Request: HEAD https://huggingface.co/docling-project/docling-models/resolve/fc0f2d45e2218ea24bce5045f58a389aed16dc23/.gitattributes "HTTP/1.1 307 Temporary Redirect"
2026-05-02 21:40:30,870 [INFO] httpx:1025: HTTP Request: HEAD https://huggingface.co/api/resolve-cache/models/docling-project/docling-models/fc0f2d45e2218ea24bce5045f58a389aed16dc23/.gitattributes "HTTP/1.1 200 OK"
2026-05-02 21:40:30,949 [INFO] httpx:1025: HTTP Request: GET https://huggingface.co/api/resolve-cache/models/docling-project/docling-models/fc0f2d45e2218ea24bce5045f58a389aed16dc23/.gitattributes "HTTP/1.1 200 OK"
2026-05-02 21:40:31,054 [INFO] httpx:1025: HTTP Request: HEAD https://huggingface.co/docling-project/docling-models/resolve/fc0f2d45e2218ea24bce5045f58a389aed16dc23/model_artifacts/tableformer/accurate/tm_config.json "HTTP/1.1 307 Temporary Redirect"
2026-05-02 21:40:31,055 [INFO] httpx:1025: HTTP Request: HEAD https://huggingface.co/docling-project/docling-models/resolve/fc0f2d45e2218ea24bce5045f58a389aed16dc23/README.md "HTTP/1.1 307 Temporary Redirect"
2026-05-02 21:40:31,056 [INFO] httpx:1025: HTTP Request: HEAD https://huggingface.co/docling-project/docling-models/resolve/fc0f2d45e2218ea24bce5045f58a389aed16dc23/.gitignore "HTTP/1.1 307 Temporary Redirect"
2026-05-02 21:40:31,066 [INFO] httpx:1025: HTTP Request: HEAD https://huggingface.co/docling-project/docling-models/resolve/fc0f2d45e2218ea24bce5045f58a389aed16dc23/model_artifacts/tableformer/fast/tableformer_fast.safetensors "HTTP/1.1 302 Found"
2026-05-02 21:40:31,080 [INFO] httpx:1025: HTTP Request: HEAD https://huggingface.co/docling-project/docling-models/resolve/fc0f2d45e2218ea24bce5045f58a389aed16dc23/model_artifacts/tableformer/fast/tm_config.json "HTTP/1.1 307 Temporary Redirect"
2026-05-02 21:40:31,090 [INFO] httpx:1025: HTTP Request: HEAD https://huggingface.co/docling-project/docling-models/resolve/fc0f2d45e2218ea24bce5045f58a389aed16dc23/model_artifacts/tableformer/accurate/tableformer_accurate.safetensors "HTTP/1.1 302 Found"
2026-05-02 21:40:31,091 [INFO] httpx:1025: HTTP Request: HEAD https://huggingface.co/docling-project/docling-models/resolve/fc0f2d45e2218ea24bce5045f58a389aed16dc23/config.json "HTTP/1.1 307 Temporary Redirect"
2026-05-02 21:40:31,212 [INFO] httpx:1025: HTTP Request: HEAD https://huggingface.co/api/resolve-cache/models/docling-project/docling-models/fc0f2d45e2218ea24bce5045f58a389aed16dc23/.gitignore "HTTP/1.1 200 OK"
2026-05-02 21:40:31,213 [INFO] httpx:1025: HTTP Request: HEAD https://huggingface.co/api/resolve-cache/models/docling-project/docling-models/fc0f2d45e2218ea24bce5045f58a389aed16dc23/model_artifacts%2Ftableformer%2Faccurate%2Ftm_config.json "HTTP/1.1 200 OK"
2026-05-02 21:40:31,214 [INFO] httpx:1025: HTTP Request: HEAD https://huggingface.co/api/resolve-cache/models/docling-project/docling-models/fc0f2d45e2218ea24bce5045f58a389aed16dc23/README.md "HTTP/1.1 200 OK"
2026-05-02 21:40:31,225 [INFO] httpx:1025: HTTP Request: HEAD https://huggingface.co/api/resolve-cache/models/docling-project/docling-models/fc0f2d45e2218ea24bce5045f58a389aed16dc23/model_artifacts%2Ftableformer%2Ffast%2Ftm_config.json "HTTP/1.1 200 OK"
2026-05-02 21:40:31,225 [INFO] httpx:1025: HTTP Request: HEAD https://huggingface.co/api/resolve-cache/models/docling-project/docling-models/fc0f2d45e2218ea24bce5045f58a389aed16dc23/config.json "HTTP/1.1 200 OK"
2026-05-02 21:40:31,251 [INFO] httpx:1025: HTTP Request: GET https://huggingface.co/api/models/docling-project/docling-models/xet-read-token/fc0f2d45e2218ea24bce5045f58a389aed16dc23 "HTTP/1.1 200 OK"
2026-05-02 21:40:31,285 [INFO] httpx:1025: HTTP Request: GET https://huggingface.co/api/models/docling-project/docling-models/xet-read-token/fc0f2d45e2218ea24bce5045f58a389aed16dc23 "HTTP/1.1 200 OK"
2026-05-02 21:40:31,287 [INFO] httpx:1025: HTTP Request: GET https://huggingface.co/api/resolve-cache/models/docling-project/docling-models/fc0f2d45e2218ea24bce5045f58a389aed16dc23/README.md "HTTP/1.1 200 OK"
2026-05-02 21:40:31,297 [INFO] httpx:1025: HTTP Request: GET https://huggingface.co/api/resolve-cache/models/docling-project/docling-models/fc0f2d45e2218ea24bce5045f58a389aed16dc23/model_artifacts%2Ftableformer%2Faccurate%2Ftm_config.json "HTTP/1.1 200 OK"
2026-05-02 21:40:31,298 [INFO] httpx:1025: HTTP Request: GET https://huggingface.co/api/resolve-cache/models/docling-project/docling-models/fc0f2d45e2218ea24bce5045f58a389aed16dc23/.gitignore "HTTP/1.1 200 OK"
2026-05-02 21:40:31,377 [INFO] httpx:1025: HTTP Request: GET https://huggingface.co/api/resolve-cache/models/docling-project/docling-models/fc0f2d45e2218ea24bce5045f58a389aed16dc23/model_artifacts%2Ftableformer%2Ffast%2Ftm_config.json "HTTP/1.1 200 OK"
2026-05-02 21:40:31,378 [INFO] httpx:1025: HTTP Request: GET https://huggingface.co/api/resolve-cache/models/docling-project/docling-models/fc0f2d45e2218ea24bce5045f58a389aed16dc23/config.json "HTTP/1.1 200 OK"
2026-05-02 21:45:49,462 [ERROR] EnergyDataPipeline:62: No valid files found in data/pdf
2026-05-02 21:46:45,229 [INFO] EnergyDataPipeline:65: Starting pipeline execution for 1 files...
2026-05-02 21:46:45,230 [INFO] pipeline_runner:78: Using Docling Strategy to process 1 files.
2026-05-02 21:46:46,951 [INFO] httpx:1025: HTTP Request: GET https://huggingface.co/api/models/docling-project/docling-layout-heron/revision/main "HTTP/1.1 200 OK"
2026-05-02 21:46:47,631 [INFO] httpx:1025: HTTP Request: GET https://huggingface.co/api/models/docling-project/docling-models/revision/v2.3.0 "HTTP/1.1 200 OK"
2026-05-02 21:46:47,993 [INFO] httpx:1025: HTTP Request: HEAD https://huggingface.co/docling-project/docling-models/resolve/fc0f2d45e2218ea24bce5045f58a389aed16dc23/model_artifacts/tableformer/accurate/tableformer_accurate.safetensors "HTTP/1.1 302 Found"
2026-05-02 21:46:48,193 [INFO] httpx:1025: HTTP Request: GET https://huggingface.co/api/models/docling-project/docling-models/xet-read-token/fc0f2d45e2218ea24bce5045f58a389aed16dc23 "HTTP/1.1 200 OK"
2026-05-02 21:50:01,013 [INFO] pipeline_runner:84: Converted: data faxtuees.pdf with format: <built-in method __format__ of ConversionResult object at 0x7b79f863d630>
2026-05-02 21:50:01,018 [WARNING] docling_core.types.doc.document:2214: Usage of TableItem.export_to_dataframe() without `doc` argument is deprecated.
2026-05-02 21:50:01,126 [WARNING] docling_core.types.doc.document:2214: Usage of TableItem.export_to_dataframe() without `doc` argument is deprecated.
2026-05-02 21:50:01,129 [WARNING] docling_core.types.doc.document:2214: Usage of TableItem.export_to_dataframe() without `doc` argument is deprecated.
2026-05-02 21:50:01,130 [WARNING] docling_core.types.doc.document:2214: Usage of TableItem.export_to_dataframe() without `doc` argument is deprecated.
2026-05-02 21:50:01,131 [WARNING] docling_core.types.doc.document:2214: Usage of TableItem.export_to_dataframe() without `doc` argument is deprecated.
2026-05-02 21:50:01,132 [WARNING] docling_core.types.doc.document:2214: Usage of TableItem.export_to_dataframe() without `doc` argument is deprecated.
2026-05-02 21:50:01,135 [WARNING] docling_core.types.doc.document:2214: Usage of TableItem.export_to_dataframe() without `doc` argument is deprecated.
2026-05-02 21:50:01,136 [INFO] pipeline_runner:94: Successfully processed data faxtuees
2026-05-02 21:50:01,139 [INFO] EnergyDataPipeline:72: Pipeline execution completed successfully.
2026-05-02 21:56:23,360 [INFO] EnergyDataPipeline:65: Starting pipeline execution for 1 files...
2026-05-02 21:56:23,360 [INFO] pipeline_runner:80: Using Docling Strategy to process 1 files.
2026-05-02 21:56:23,959 [INFO] httpx:1025: HTTP Request: GET https://huggingface.co/api/models/docling-project/docling-layout-heron/revision/main "HTTP/1.1 200 OK"
2026-05-02 21:56:24,599 [INFO] httpx:1025: HTTP Request: GET https://huggingface.co/api/models/docling-project/docling-models/revision/v2.3.0 "HTTP/1.1 200 OK"
2026-05-02 21:56:56,271 [INFO] pipeline_runner:86: Converted: data faxtuees.pdf with format: <built-in method __format__ of ConversionResult object at 0x7ebe6043d680>
2026-05-02 21:56:56,271 [WARNING] docling_core.types.doc.document:2214: Usage of TableItem.export_to_dataframe() without `doc` argument is deprecated.
2026-05-02 21:56:56,273 [WARNING] docling_core.types.doc.document:2214: Usage of TableItem.export_to_dataframe() without `doc` argument is deprecated.
2026-05-02 21:56:56,273 [WARNING] docling_core.types.doc.document:2214: Usage of TableItem.export_to_dataframe() without `doc` argument is deprecated.
2026-05-02 21:56:56,273 [WARNING] docling_core.types.doc.document:2214: Usage of TableItem.export_to_dataframe() without `doc` argument is deprecated.
2026-05-02 21:56:56,273 [WARNING] docling_core.types.doc.document:2214: Usage of TableItem.export_to_dataframe() without `doc` argument is deprecated.
2026-05-02 21:56:56,274 [WARNING] docling_core.types.doc.document:2214: Usage of TableItem.export_to_dataframe() without `doc` argument is deprecated.
2026-05-02 21:56:56,274 [WARNING] docling_core.types.doc.document:2214: Usage of TableItem.export_to_dataframe() without `doc` argument is deprecated.
2026-05-02 21:56:56,274 [INFO] pipeline_runner:96: Successfully processed data faxtuees
2026-05-02 21:56:56,275 [INFO] EnergyDataPipeline:72: Pipeline execution completed successfully.
2026-05-02 21:57:39,855 [INFO] EnergyDataPipeline:65: Starting pipeline execution for 1 files...
2026-05-02 21:57:39,855 [INFO] pipeline_runner:80: Using Docling Strategy to process 1 files.
2026-05-02 21:57:40,316 [INFO] httpx:1025: HTTP Request: GET https://huggingface.co/api/models/docling-project/docling-layout-heron/revision/main "HTTP/1.1 200 OK"
2026-05-02 21:57:40,905 [INFO] httpx:1025: HTTP Request: GET https://huggingface.co/api/models/docling-project/docling-models/revision/v2.3.0 "HTTP/1.1 200 OK"
2026-05-02 21:58:12,654 [INFO] pipeline_runner:86: Converted: data faxtuees.pdf with format: <built-in method __format__ of ConversionResult object at 0x7f0596c25720>
2026-05-02 21:58:12,655 [WARNING] docling_core.types.doc.document:2214: Usage of TableItem.export_to_dataframe() without `doc` argument is deprecated.
2026-05-02 21:58:12,656 [WARNING] docling_core.types.doc.document:2214: Usage of TableItem.export_to_dataframe() without `doc` argument is deprecated.
2026-05-02 21:58:12,656 [WARNING] docling_core.types.doc.document:2214: Usage of TableItem.export_to_dataframe() without `doc` argument is deprecated.
2026-05-02 21:58:12,656 [WARNING] docling_core.types.doc.document:2214: Usage of TableItem.export_to_dataframe() without `doc` argument is deprecated.
2026-05-02 21:58:12,657 [WARNING] docling_core.types.doc.document:2214: Usage of TableItem.export_to_dataframe() without `doc` argument is deprecated.
2026-05-02 21:58:12,657 [WARNING] docling_core.types.doc.document:2214: Usage of TableItem.export_to_dataframe() without `doc` argument is deprecated.
2026-05-02 21:58:12,657 [WARNING] docling_core.types.doc.document:2214: Usage of TableItem.export_to_dataframe() without `doc` argument is deprecated.
2026-05-02 21:58:12,657 [INFO] pipeline_runner:96: Successfully processed data faxtuees
2026-05-02 21:58:12,658 [INFO] EnergyDataPipeline:72: Pipeline execution completed successfully.
2026-05-02 22:10:42,720 [INFO] EnergyDataPipeline:69: Starting pipeline execution for 1 files...
2026-05-02 22:10:42,720 [INFO] pipeline_runner:80: Using Docling Strategy to process 1 files.
2026-05-02 22:11:41,720 [INFO] EnergyDataPipeline:69: Starting pipeline execution for 1 files...
2026-05-02 22:11:41,720 [INFO] pipeline_runner:80: Using Docling Strategy to process 1 files.
2026-05-02 22:11:45,078 [INFO] pipeline_runner:117: Saved extracted table to silver_layer_tables/xlsx/Mai-report2_2442026 (1)_table_1.parquet
2026-05-02 22:11:45,893 [INFO] pipeline_runner:117: Saved extracted table to silver_layer_tables/xlsx/Mai-report2_2442026 (1)_table_2.parquet
2026-05-02 22:11:46,806 [INFO] pipeline_runner:117: Saved extracted table to silver_layer_tables/xlsx/Mai-report2_2442026 (1)_table_3.parquet
2026-05-02 22:11:46,806 [INFO] pipeline_runner:110: Processed Mai-report2_2442026 (1) | Format: xlsx | Tables: 3
2026-05-02 22:11:46,846 [INFO] EnergyDataPipeline:76: Pipeline execution completed successfully.
2026-05-02 22:13:27,932 [INFO] EnergyDataPipeline:69: Starting pipeline execution for 1 files...
2026-05-02 22:13:27,932 [INFO] pipeline_runner:80: Using Docling Strategy to process 1 files.
2026-05-02 22:13:31,244 [INFO] pipeline_runner:117: Saved extracted table to silver_layer_tables/xlsx/Mai-report2_2442026 (1)_table_1.csv
2026-05-02 22:13:32,034 [INFO] pipeline_runner:117: Saved extracted table to silver_layer_tables/xlsx/Mai-report2_2442026 (1)_table_2.csv
2026-05-02 22:13:32,949 [INFO] pipeline_runner:117: Saved extracted table to silver_layer_tables/xlsx/Mai-report2_2442026 (1)_table_3.csv
2026-05-02 22:13:32,949 [INFO] pipeline_runner:110: Processed Mai-report2_2442026 (1) | Format: xlsx | Tables: 3
2026-05-02 22:13:32,989 [INFO] EnergyDataPipeline:76: Pipeline execution completed successfully.
2026-05-02 22:33:59,688 [INFO] EnergyDataPipeline:90: Starting pipeline execution for 1 files...
2026-05-02 22:33:59,688 [INFO] pipeline_runner:80: Using Docling Strategy to process 1 files.
2026-05-02 22:34:03,399 [INFO] pipeline_runner:117: Saved extracted table to data/Silver/xlsx/Mai-report2_2442026 (1)_table_1.csv
2026-05-02 22:34:04,294 [INFO] pipeline_runner:117: Saved extracted table to data/Silver/xlsx/Mai-report2_2442026 (1)_table_2.csv
2026-05-02 22:34:05,304 [INFO] pipeline_runner:117: Saved extracted table to data/Silver/xlsx/Mai-report2_2442026 (1)_table_3.csv
2026-05-02 22:34:05,304 [INFO] pipeline_runner:110: Processed Mai-report2_2442026 (1) | Format: xlsx | Tables: 3
2026-05-02 22:34:05,348 [INFO] EnergyDataPipeline:97: Pipeline execution completed successfully.
2026-05-02 22:37:05,633 [INFO] EnergyDataPipeline:91: Starting pipeline execution for 1 files...
2026-05-02 22:37:05,633 [INFO] pipeline_runner:80: Using Docling Strategy to process 1 files.
2026-05-02 22:37:09,502 [INFO] pipeline_runner:117: Saved extracted table to data/Silver/xlsx/Mai-report2_2442026 (1)_table_1.csv
2026-05-02 22:37:10,402 [INFO] pipeline_runner:117: Saved extracted table to data/Silver/xlsx/Mai-report2_2442026 (1)_table_2.csv
2026-05-02 22:37:11,420 [INFO] pipeline_runner:117: Saved extracted table to data/Silver/xlsx/Mai-report2_2442026 (1)_table_3.csv
2026-05-02 22:37:11,420 [INFO] pipeline_runner:110: Processed Mai-report2_2442026 (1) | Format: xlsx | Tables: 3
2026-05-02 22:37:11,463 [INFO] EnergyDataPipeline:50: Processing Excel files with specialized logic.
2026-05-02 22:37:11,463 [INFO] EnergyDataPipeline:98: Pipeline execution completed successfully.
2026-05-02 22:37:11,463 [INFO] EnergyDataPipeline:105: Pipeline execution completed successfully.
2026-05-02 22:43:28,656 [INFO] EnergyDataPipeline:91: Starting pipeline execution for 1 files...
2026-05-02 22:43:28,656 [INFO] pipeline_runner:80: Using Docling Strategy to process 1 files.
2026-05-02 22:43:32,102 [INFO] pipeline_runner:117: Saved extracted table to data/Silver/xlsx/Mai-report2_2442026 (1)_table_1.csv
2026-05-02 22:43:32,910 [INFO] pipeline_runner:117: Saved extracted table to data/Silver/xlsx/Mai-report2_2442026 (1)_table_2.csv
2026-05-02 22:43:33,831 [INFO] pipeline_runner:117: Saved extracted table to data/Silver/xlsx/Mai-report2_2442026 (1)_table_3.csv
2026-05-02 22:43:33,831 [INFO] pipeline_runner:110: Processed Mai-report2_2442026 (1) | Format: xlsx | Tables: 3
2026-05-02 22:43:33,870 [INFO] EnergyDataPipeline:50: Processing Excel files with specialized logic.
2026-05-02 22:43:33,870 [INFO] EnergyDataPipeline:106: Pipeline execution completed successfully.
2026-05-02 22:44:08,194 [INFO] EnergyDataPipeline:91: Starting pipeline execution for 1 files...
2026-05-02 22:44:08,195 [INFO] pipeline_runner:80: Using Docling Strategy to process 1 files.
2026-05-02 22:44:11,593 [INFO] pipeline_runner:117: Saved extracted table to data/Silver/xlsx/Mai-report2_2442026 (1)_table_1.csv
2026-05-02 22:44:12,382 [INFO] pipeline_runner:117: Saved extracted table to data/Silver/xlsx/Mai-report2_2442026 (1)_table_2.csv
2026-05-02 22:44:13,287 [INFO] pipeline_runner:117: Saved extracted table to data/Silver/xlsx/Mai-report2_2442026 (1)_table_3.csv
2026-05-02 22:44:13,287 [INFO] pipeline_runner:110: Processed Mai-report2_2442026 (1) | Format: xlsx | Tables: 3
2026-05-02 22:44:13,331 [INFO] EnergyDataPipeline:50: Processing Excel files with specialized logic.
2026-05-02 22:44:13,332 [INFO] EnergyDataPipeline:98: <generator object ExcelEnergyProcessor.process_paths at 0x7fd67a48f880>
2026-05-02 22:44:13,332 [INFO] EnergyDataPipeline:106: Pipeline execution completed successfully.
2026-05-02 22:45:19,927 [INFO] EnergyDataPipeline:91: Starting pipeline execution for 1 files...
2026-05-02 22:45:19,927 [INFO] pipeline_runner:80: Using Docling Strategy to process 1 files.
2026-05-02 22:45:23,334 [INFO] pipeline_runner:117: Saved extracted table to data/Silver/xlsx/Mai-report2_2442026 (1)_table_1.csv
2026-05-02 22:45:24,155 [INFO] pipeline_runner:117: Saved extracted table to data/Silver/xlsx/Mai-report2_2442026 (1)_table_2.csv
2026-05-02 22:45:25,086 [INFO] pipeline_runner:117: Saved extracted table to data/Silver/xlsx/Mai-report2_2442026 (1)_table_3.csv
2026-05-02 22:45:25,086 [INFO] pipeline_runner:110: Processed Mai-report2_2442026 (1) | Format: xlsx | Tables: 3
2026-05-02 22:45:25,126 [INFO] EnergyDataPipeline:50: Processing Excel files with specialized logic.
2026-05-02 22:45:25,126 [INFO] EnergyDataPipeline:98: []
2026-05-02 22:45:25,126 [INFO] EnergyDataPipeline:106: Pipeline execution completed successfully.
2026-05-02 22:46:26,460 [INFO] EnergyDataPipeline:91: Starting pipeline execution for 1 files...
2026-05-02 22:46:26,460 [INFO] pipeline_runner:80: Using Docling Strategy to process 1 files.
2026-05-02 22:46:29,892 [INFO] pipeline_runner:117: Saved extracted table to data/Silver/xlsx/Mai-report2_2442026 (1)_table_1.csv
2026-05-02 22:46:30,704 [INFO] pipeline_runner:117: Saved extracted table to data/Silver/xlsx/Mai-report2_2442026 (1)_table_2.csv
2026-05-02 22:46:31,653 [INFO] pipeline_runner:117: Saved extracted table to data/Silver/xlsx/Mai-report2_2442026 (1)_table_3.csv
2026-05-02 22:46:31,653 [INFO] pipeline_runner:110: Processed Mai-report2_2442026 (1) | Format: xlsx | Tables: 3
2026-05-02 22:46:31,691 [INFO] EnergyDataPipeline:50: Processing Excel files with specialized logic.
2026-05-02 22:46:31,691 [INFO] EnergyDataPipeline:105: Pipeline execution completed successfully.
2026-05-02 22:49:50,676 [INFO] EnergyDataPipeline:91: Starting pipeline execution for 1 files...
2026-05-02 22:49:50,676 [INFO] pipeline_runner:80: Using Docling Strategy to process 1 files.
2026-05-02 22:49:54,131 [INFO] pipeline_runner:117: Saved extracted table to data/Silver/xlsx/Mai-report2_2442026 (1)_table_1.csv
2026-05-02 22:49:54,938 [INFO] pipeline_runner:117: Saved extracted table to data/Silver/xlsx/Mai-report2_2442026 (1)_table_2.csv
2026-05-02 22:49:55,852 [INFO] pipeline_runner:117: Saved extracted table to data/Silver/xlsx/Mai-report2_2442026 (1)_table_3.csv
2026-05-02 22:49:55,852 [INFO] pipeline_runner:110: Processed Mai-report2_2442026 (1) | Format: xlsx | Tables: 3
2026-05-02 22:49:55,895 [INFO] EnergyDataPipeline:50: Processing Excel files with specialized logic.
2026-05-02 22:49:55,895 [INFO] EnergyDataPipeline:105: Pipeline execution completed successfully.
2026-05-02 22:50:37,222 [INFO] EnergyDataPipeline:91: Starting pipeline execution for 1 files...
2026-05-02 22:50:37,222 [INFO] pipeline_runner:80: Using Docling Strategy to process 1 files.
2026-05-02 22:50:40,609 [INFO] pipeline_runner:117: Saved extracted table to data/Silver/xlsx/Mai-report2_2442026 (1)_table_1.csv
2026-05-02 22:50:41,412 [INFO] pipeline_runner:117: Saved extracted table to data/Silver/xlsx/Mai-report2_2442026 (1)_table_2.csv
2026-05-02 22:50:42,357 [INFO] pipeline_runner:117: Saved extracted table to data/Silver/xlsx/Mai-report2_2442026 (1)_table_3.csv
2026-05-02 22:50:42,357 [INFO] pipeline_runner:110: Processed Mai-report2_2442026 (1) | Format: xlsx | Tables: 3
2026-05-02 22:50:42,397 [INFO] EnergyDataPipeline:50: Processing Excel files with specialized logic.
2026-05-02 22:50:42,397 [INFO] EnergyDataPipeline:105: Pipeline execution completed successfully.
2026-05-02 22:55:20,352 [INFO] EnergyDataPipeline:92: Starting pipeline execution for 1 files...
2026-05-02 22:55:20,353 [INFO] pipeline_runner:80: Using Docling Strategy to process 1 files.
2026-05-02 22:55:26,444 [INFO] pipeline_runner:117: Saved extracted table to data/Silver/xlsx/Mai-report2_2442026 (1)_table_1.csv
2026-05-02 22:55:27,870 [INFO] pipeline_runner:117: Saved extracted table to data/Silver/xlsx/Mai-report2_2442026 (1)_table_2.csv
2026-05-02 22:55:29,391 [INFO] pipeline_runner:117: Saved extracted table to data/Silver/xlsx/Mai-report2_2442026 (1)_table_3.csv
2026-05-02 22:55:29,392 [INFO] pipeline_runner:110: Processed Mai-report2_2442026 (1) | Format: xlsx | Tables: 3
2026-05-02 22:55:29,456 [INFO] EnergyDataPipeline:50: Processing Excel files with specialized logic.
2026-05-02 22:55:29,456 [INFO] EnergyDataPipeline:52: Found 0 Excel files for processing.
2026-05-02 22:55:29,456 [INFO] EnergyDataPipeline:106: Pipeline execution completed successfully.
2026-05-02 22:57:26,587 [INFO] EnergyDataPipeline:93: Starting pipeline execution for 1 files...
2026-05-02 22:57:26,587 [INFO] pipeline_runner:80: Using Docling Strategy to process 1 files.
2026-05-02 22:57:32,640 [INFO] pipeline_runner:117: Saved extracted table to data/Silver/xlsx/Mai-report2_2442026 (1)_table_1.csv
2026-05-02 22:57:34,085 [INFO] pipeline_runner:117: Saved extracted table to data/Silver/xlsx/Mai-report2_2442026 (1)_table_2.csv
2026-05-02 22:57:35,630 [INFO] pipeline_runner:117: Saved extracted table to data/Silver/xlsx/Mai-report2_2442026 (1)_table_3.csv
2026-05-02 22:57:35,630 [INFO] pipeline_runner:110: Processed Mai-report2_2442026 (1) | Format: xlsx | Tables: 3
2026-05-02 22:57:35,694 [INFO] EnergyDataPipeline:50: Processing Excel files with specialized logic.
2026-05-02 22:57:35,694 [INFO] EnergyDataPipeline:52: Found 0 Excel files for processing.
2026-05-02 22:57:35,694 [INFO] EnergyDataPipeline:107: Pipeline execution completed successfully.
2026-05-02 22:57:49,350 [INFO] EnergyDataPipeline:93: Starting pipeline execution for 1 files...
2026-05-02 22:57:49,350 [INFO] pipeline_runner:80: Using Docling Strategy to process 1 files.
2026-05-02 22:57:55,507 [INFO] pipeline_runner:117: Saved extracted table to data/Silver/xlsx/Mai-report2_2442026 (1)_table_1.csv
2026-05-02 22:57:56,979 [INFO] pipeline_runner:117: Saved extracted table to data/Silver/xlsx/Mai-report2_2442026 (1)_table_2.csv
2026-05-02 22:57:58,544 [INFO] pipeline_runner:117: Saved extracted table to data/Silver/xlsx/Mai-report2_2442026 (1)_table_3.csv
2026-05-02 22:57:58,544 [INFO] pipeline_runner:110: Processed Mai-report2_2442026 (1) | Format: xlsx | Tables: 3
2026-05-02 22:57:58,608 [INFO] EnergyDataPipeline:50: Processing Excel files with specialized logic.
2026-05-02 22:57:58,608 [INFO] EnergyDataPipeline:52: Found 1 Excel files for processing.
2026-05-02 22:57:58,609 [ERROR] ExcelEnergyProcessor:47: Critical error reading Mai-report2_2442026 (1)_table_1.csv: No columns to parse from file
2026-05-02 22:57:58,609 [INFO] EnergyDataPipeline:107: Pipeline execution completed successfully.
2026-05-02 22:58:53,919 [INFO] EnergyDataPipeline:93: Starting pipeline execution for 1 files...
2026-05-02 22:58:53,920 [INFO] pipeline_runner:80: Using Docling Strategy to process 1 files.
2026-05-02 22:59:00,079 [INFO] pipeline_runner:117: Saved extracted table to data/Silver/xlsx/Mai-report2_2442026 (1)_table_1.csv
2026-05-02 22:59:01,554 [INFO] pipeline_runner:117: Saved extracted table to data/Silver/xlsx/Mai-report2_2442026 (1)_table_2.csv
2026-05-02 22:59:03,175 [INFO] pipeline_runner:117: Saved extracted table to data/Silver/xlsx/Mai-report2_2442026 (1)_table_3.csv
2026-05-02 22:59:03,175 [INFO] pipeline_runner:110: Processed Mai-report2_2442026 (1) | Format: xlsx | Tables: 3
2026-05-02 22:59:03,248 [INFO] EnergyDataPipeline:56: No specialized processing for this file type.
2026-05-02 22:59:03,249 [INFO] EnergyDataPipeline:105: No data to process after extraction.
2026-05-02 22:59:03,249 [INFO] EnergyDataPipeline:107: Pipeline execution completed successfully.
2026-05-02 22:59:24,560 [INFO] EnergyDataPipeline:93: Starting pipeline execution for 1 files...
2026-05-02 22:59:24,560 [INFO] pipeline_runner:80: Using Docling Strategy to process 1 files.
2026-05-02 22:59:25,085 [INFO] httpx:1025: HTTP Request: GET https://huggingface.co/api/models/docling-project/docling-layout-heron/revision/main "HTTP/1.1 200 OK"
2026-05-02 22:59:25,894 [INFO] httpx:1025: HTTP Request: GET https://huggingface.co/api/models/docling-project/docling-models/revision/v2.3.0 "HTTP/1.1 200 OK"
2026-05-02 23:00:27,590 [INFO] pipeline_runner:117: Saved extracted table to data/Silver/pdf/data faxtuees_table_1.csv
2026-05-02 23:00:27,591 [INFO] pipeline_runner:117: Saved extracted table to data/Silver/pdf/data faxtuees_table_2.csv
2026-05-02 23:00:27,592 [INFO] pipeline_runner:117: Saved extracted table to data/Silver/pdf/data faxtuees_table_3.csv
2026-05-02 23:00:27,592 [INFO] pipeline_runner:117: Saved extracted table to data/Silver/pdf/data faxtuees_table_4.csv
2026-05-02 23:00:27,593 [INFO] pipeline_runner:117: Saved extracted table to data/Silver/pdf/data faxtuees_table_5.csv
2026-05-02 23:00:27,594 [INFO] pipeline_runner:117: Saved extracted table to data/Silver/pdf/data faxtuees_table_6.csv
2026-05-02 23:00:27,594 [INFO] pipeline_runner:117: Saved extracted table to data/Silver/pdf/data faxtuees_table_7.csv
2026-05-02 23:00:27,594 [INFO] pipeline_runner:110: Processed data faxtuees | Format: pdf | Tables: 7
2026-05-02 23:00:27,595 [INFO] EnergyDataPipeline:56: No specialized processing for this file type.
2026-05-02 23:00:27,595 [INFO] EnergyDataPipeline:105: No data to process after extraction.
2026-05-02 23:00:27,595 [INFO] EnergyDataPipeline:107: Pipeline execution completed successfully.
2026-05-02 23:02:09,386 [INFO] EnergyDataPipeline:93: Starting pipeline execution for 1 files...
2026-05-02 23:02:09,387 [INFO] pipeline_runner:80: Using Docling Strategy to process 1 files.
2026-05-02 23:02:09,886 [INFO] httpx:1025: HTTP Request: GET https://huggingface.co/api/models/docling-project/docling-layout-heron/revision/main "HTTP/1.1 200 OK"
2026-05-02 23:02:10,677 [INFO] httpx:1025: HTTP Request: GET https://huggingface.co/api/models/docling-project/docling-models/revision/v2.3.0 "HTTP/1.1 200 OK"
2026-05-02 23:02:12,678 [INFO] pipeline_runner:117: Saved extracted table to data/Silver/jpeg/WhatsApp Image 2026-04-27 at 21.39.25 (29)_table_1.csv
2026-05-02 23:02:12,679 [INFO] pipeline_runner:117: Saved extracted table to data/Silver/jpeg/WhatsApp Image 2026-04-27 at 21.39.25 (29)_table_2.csv
2026-05-02 23:02:12,679 [INFO] pipeline_runner:117: Saved extracted table to data/Silver/jpeg/WhatsApp Image 2026-04-27 at 21.39.25 (29)_table_3.csv
2026-05-02 23:02:12,679 [INFO] pipeline_runner:110: Processed WhatsApp Image 2026-04-27 at 21.39.25 (29) | Format: jpeg | Tables: 3
2026-05-02 23:02:12,680 [INFO] EnergyDataPipeline:56: No specialized processing for this file type.
2026-05-02 23:02:12,680 [INFO] EnergyDataPipeline:105: No data to process after extraction.
2026-05-02 23:02:12,680 [INFO] EnergyDataPipeline:107: Pipeline execution completed successfully.
2026-05-03 00:20:58,730 [INFO] EnergyDataPipeline:93: Starting pipeline execution for 1 files...
2026-05-03 00:20:58,730 [INFO] pipeline_runner:80: Using Docling Strategy to process 1 files.
2026-05-03 00:20:59,142 [INFO] httpx:1025: HTTP Request: GET https://huggingface.co/api/models/docling-project/docling-layout-heron/revision/main "HTTP/1.1 200 OK"
2026-05-03 00:21:00,149 [INFO] httpx:1025: HTTP Request: GET https://huggingface.co/api/models/docling-project/docling-models/revision/v2.3.0 "HTTP/1.1 200 OK"
